Copyright 1986-2017 Xilinx, Inc. All Rights Reserved.
------------------------------------------------------------------------------------
| Tool Version : Vivado v.2017.4 (win64) Build 2086221 Fri Dec 15 20:55:39 MST 2017
| Date         : Tue May 29 12:43:51 2018
| Host         : LAPTOP-88VN4TC1 running 64-bit major release  (build 9200)
| Command      : report_control_sets -verbose -file top_control_sets_placed.rpt
| Design       : top
| Device       : xc7a35t
------------------------------------------------------------------------------------

Control Set Information

Table of Contents
-----------------
1. Summary
2. Flip-Flop Distribution
3. Detailed Control Set Information

1. Summary
----------

+----------------------------------------------------------+-------+
|                          Status                          | Count |
+----------------------------------------------------------+-------+
| Number of unique control sets                            |     7 |
| Unused register locations in slices containing registers |    40 |
+----------------------------------------------------------+-------+


2. Flip-Flop Distribution
-------------------------

+--------------+-----------------------+------------------------+-----------------+--------------+
| Clock Enable | Synchronous Set/Reset | Asynchronous Set/Reset | Total Registers | Total Slices |
+--------------+-----------------------+------------------------+-----------------+--------------+
| No           | No                    | No                     |               4 |            3 |
| No           | No                    | Yes                    |               0 |            0 |
| No           | Yes                   | No                     |              18 |           13 |
| Yes          | No                    | No                     |               0 |            0 |
| Yes          | No                    | Yes                    |               0 |            0 |
| Yes          | Yes                   | No                     |              10 |            3 |
+--------------+-----------------------+------------------------+-----------------+--------------+


3. Detailed Control Set Information
-----------------------------------

+--------------------------+---------------+---------------------+------------------+----------------+
|       Clock Signal       | Enable Signal |   Set/Reset Signal  | Slice Load Count | Bel Load Count |
+--------------------------+---------------+---------------------+------------------+----------------+
|  clk1/clk1/inst/clk_out1 |               | vga1/green_reg[1]_3 |                1 |              1 |
|  clk1/clk1/inst/clk_out1 |               | vga1/ltOp           |                1 |              1 |
|  clk1/clk1/inst/clk_out1 |               | vga1/vsync_i_1_n_0  |                1 |              1 |
|  clk1/clk1/inst/clk_out1 |               |                     |                3 |              4 |
|  clk1/clk1/inst/clk_out1 |               | vga1/red[3]_i_1_n_0 |                3 |              5 |
|  clk1/clk1/inst/clk_out1 |               | vga1/E[0]           |                7 |             10 |
|  clk1/clk1/inst/clk_out1 | vga1/E[0]     | vga1/SR[0]          |                3 |             10 |
+--------------------------+---------------+---------------------+------------------+----------------+


+--------+-----------------------+
| Fanout | Number of ControlSets |
+--------+-----------------------+
| 1      |                     3 |
| 4      |                     1 |
| 5      |                     1 |
| 10     |                     2 |
+--------+-----------------------+


