Copyright 1986-2017 Xilinx, Inc. All Rights Reserved.
------------------------------------------------------------------------------------
| Tool Version : Vivado v.2017.4 (win64) Build 2086221 Fri Dec 15 20:55:39 MST 2017
| Date         : Mon Mar 26 14:36:14 2018
| Host         : DESKTOP-RTPENS1 running 64-bit major release  (build 9200)
| Command      : report_control_sets -verbose -file top_control_sets_placed.rpt
| Design       : top
| Device       : xc7a35t
------------------------------------------------------------------------------------

Control Set Information

Table of Contents
-----------------
1. Summary
2. Flip-Flop Distribution
3. Detailed Control Set Information

1. Summary
----------

+----------------------------------------------------------+-------+
|                          Status                          | Count |
+----------------------------------------------------------+-------+
| Number of unique control sets                            |     5 |
| Unused register locations in slices containing registers |     5 |
+----------------------------------------------------------+-------+


2. Flip-Flop Distribution
-------------------------

+--------------+-----------------------+------------------------+-----------------+--------------+
| Clock Enable | Synchronous Set/Reset | Asynchronous Set/Reset | Total Registers | Total Slices |
+--------------+-----------------------+------------------------+-----------------+--------------+
| No           | No                    | No                     |               0 |            0 |
| No           | No                    | Yes                    |               0 |            0 |
| No           | Yes                   | No                     |              64 |           16 |
| Yes          | No                    | No                     |               4 |            1 |
| Yes          | No                    | Yes                    |               0 |            0 |
| Yes          | Yes                   | No                     |              39 |           12 |
+--------------+-----------------------+------------------------+-----------------+--------------+


3. Detailed Control Set Information
-----------------------------------

+----------------+-------------------------------+-----------------------------------+------------------+----------------+
|  Clock Signal  |         Enable Signal         |          Set/Reset Signal         | Slice Load Count | Bel Load Count |
+----------------+-------------------------------+-----------------------------------+------------------+----------------+
|  clk_IBUF_BUFG | snake_led/segments[6]_i_2_n_0 |                                   |                1 |              4 |
|  clk_IBUF_BUFG | snake_led/segments[6]_i_2_n_0 | snake_led/segments_reg[6]_i_1_n_0 |                3 |              7 |
|  clk_IBUF_BUFG |                               | snake_led/temp                    |                8 |             32 |
|  clk_IBUF_BUFG |                               | snake_led/clear                   |                8 |             32 |
|  clk_IBUF_BUFG | snake_led/clear               | snake_led/pos[31]_i_1_n_0         |                9 |             32 |
+----------------+-------------------------------+-----------------------------------+------------------+----------------+


+--------+-----------------------+
| Fanout | Number of ControlSets |
+--------+-----------------------+
| 4      |                     1 |
| 7      |                     1 |
| 16+    |                     3 |
+--------+-----------------------+


