#-----------------------------------------------------------
# Vivado v2017.4 (64-bit)
# SW Build 2086221 on Fri Dec 15 20:55:39 MST 2017
# IP Build 2085800 on Fri Dec 15 22:25:07 MST 2017
# Start of session at: Mon Apr 23 14:55:30 2018
# Process ID: 7936
# Current directory: C:/Users/stan/Documents/GitHub/pong/FPGA/vga
# Command line: vivado.exe -gui_launcher_event rodinguilauncherevent8944 C:\Users\stan\Documents\GitHub\pong\FPGA\vga\vga.xpr
# Log file: C:/Users/stan/Documents/GitHub/pong/FPGA/vga/vivado.log
# Journal file: C:/Users/stan/Documents/GitHub/pong/FPGA/vga\vivado.jou
#-----------------------------------------------------------
start_gui
open_project C:/Users/stan/Documents/GitHub/pong/FPGA/vga/vga.xpr
INFO: [Project 1-313] Project file moved from 'C:/Users/stan/CloudStation/workspaces/workspace Vivado/vga' since last save.
Scanning sources...
Finished scanning sources
INFO: [IP_Flow 19-234] Refreshing IP repositories
INFO: [IP_Flow 19-1704] No user IP repositories specified
INFO: [IP_Flow 19-2313] Loaded Vivado IP repository 'C:/Xilinx/Vivado/2017.4/data/ip'.
open_project: Time (s): cpu = 00:00:14 ; elapsed = 00:00:07 . Memory (MB): peak = 774.602 ; gain = 61.027
exit
INFO: [Common 17-206] Exiting Vivado at Mon Apr 23 14:56:30 2018...
