#-----------------------------------------------------------
# Vivado v2017.4 (64-bit)
# SW Build 2086221 on Fri Dec 15 20:55:39 MST 2017
# IP Build 2085800 on Fri Dec 15 22:25:07 MST 2017
# Start of session at: Thu Apr 26 14:22:10 2018
# Process ID: 10364
# Current directory: D:/Documenten/Avans 2017-2018/Blok 7/Programeerbare hardware/Week 4/week_3
# Command line: vivado.exe -gui_launcher_event rodinguilauncherevent13520 D:\Documenten\Avans 2017-2018\Blok 7\Programeerbare hardware\Week 4\week_3\week_3.xpr
# Log file: D:/Documenten/Avans 2017-2018/Blok 7/Programeerbare hardware/Week 4/week_3/vivado.log
# Journal file: D:/Documenten/Avans 2017-2018/Blok 7/Programeerbare hardware/Week 4/week_3\vivado.jou
#-----------------------------------------------------------
start_gui
open_project {D:/Documenten/Avans 2017-2018/Blok 7/Programeerbare hardware/Week 4/week_3/week_3.xpr}
INFO: [Project 1-313] Project file moved from 'C:/Xilinx/workspace/week_4_werkend/week_3' since last save.
Scanning sources...
Finished scanning sources
INFO: [IP_Flow 19-234] Refreshing IP repositories
INFO: [IP_Flow 19-1704] No user IP repositories specified
INFO: [IP_Flow 19-2313] Loaded Vivado IP repository 'D:/Xilinx/Vivado/2017.4/data/ip'.
open_project: Time (s): cpu = 00:00:16 ; elapsed = 00:00:07 . Memory (MB): peak = 767.324 ; gain = 73.117
update_compile_order -fileset sources_1
exit
INFO: [Common 17-206] Exiting Vivado at Thu Apr 26 18:24:03 2018...
