#-----------------------------------------------------------
# Vivado v2017.4 (64-bit)
# SW Build 2086221 on Fri Dec 15 20:55:39 MST 2017
# IP Build 2085800 on Fri Dec 15 22:25:07 MST 2017
# Start of session at: Thu May 31 13:45:40 2018
# Process ID: 12924
# Current directory: C:/Users/ikben/OneDrive/Documents/GitHub/pong/FPGA/3d_pong
# Command line: vivado.exe -gui_launcher_event rodinguilauncherevent10088 C:\Users\ikben\OneDrive\Documents\GitHub\pong\FPGA\3d_pong\3d_pong.xpr
# Log file: C:/Users/ikben/OneDrive/Documents/GitHub/pong/FPGA/3d_pong/vivado.log
# Journal file: C:/Users/ikben/OneDrive/Documents/GitHub/pong/FPGA/3d_pong\vivado.jou
#-----------------------------------------------------------
start_gui
open_project C:/Users/ikben/OneDrive/Documents/GitHub/pong/FPGA/3d_pong/3d_pong.xpr
INFO: [Project 1-313] Project file moved from 'C:/Users/Remco Y700/Documents/GitHub/pong/FPGA/3d_pong' since last save.
Scanning sources...
Finished scanning sources
INFO: [IP_Flow 19-234] Refreshing IP repositories
INFO: [IP_Flow 19-1704] No user IP repositories specified
INFO: [IP_Flow 19-2313] Loaded Vivado IP repository 'C:/Proghardware/Vivado/2017.4/data/ip'.
open_project: Time (s): cpu = 00:00:18 ; elapsed = 00:00:09 . Memory (MB): peak = 774.074 ; gain = 83.668
update_compile_order -fileset sources_1
reset_run synth_1
launch_runs impl_1 -to_step write_bitstream -jobs 4
[Thu May 31 13:51:41 2018] Launched synth_1...
Run output will be captured here: C:/Users/ikben/OneDrive/Documents/GitHub/pong/FPGA/3d_pong/3d_pong.runs/synth_1/runme.log
[Thu May 31 13:51:41 2018] Launched impl_1...
Run output will be captured here: C:/Users/ikben/OneDrive/Documents/GitHub/pong/FPGA/3d_pong/3d_pong.runs/impl_1/runme.log
