Copyright 1986-2017 Xilinx, Inc. All Rights Reserved.
------------------------------------------------------------------------------------
| Tool Version : Vivado v.2017.4 (win64) Build 2086221 Fri Dec 15 20:55:39 MST 2017
| Date         : Mon Mar  5 11:49:54 2018
| Host         : DESKTOP-RTPENS1 running 64-bit major release  (build 9200)
| Command      : report_control_sets -verbose -file top_control_sets_placed.rpt
| Design       : top
| Device       : xc7a35t
------------------------------------------------------------------------------------

Control Set Information

Table of Contents
-----------------
1. Summary
2. Flip-Flop Distribution
3. Detailed Control Set Information

1. Summary
----------

+----------------------------------------------------------+-------+
|                          Status                          | Count |
+----------------------------------------------------------+-------+
| Number of unique control sets                            |     9 |
| Unused register locations in slices containing registers |    34 |
+----------------------------------------------------------+-------+


2. Flip-Flop Distribution
-------------------------

+--------------+-----------------------+------------------------+-----------------+--------------+
| Clock Enable | Synchronous Set/Reset | Asynchronous Set/Reset | Total Registers | Total Slices |
+--------------+-----------------------+------------------------+-----------------+--------------+
| No           | No                    | No                     |              30 |           11 |
| No           | No                    | Yes                    |               0 |            0 |
| No           | Yes                   | No                     |              56 |           18 |
| Yes          | No                    | No                     |              39 |           14 |
| Yes          | No                    | Yes                    |               0 |            0 |
| Yes          | Yes                   | No                     |              17 |            5 |
+--------------+-----------------------+------------------------+-----------------+--------------+


3. Detailed Control Set Information
-----------------------------------

+--------------------+------------------------------------------+------------------------------------------+------------------+----------------+
|    Clock Signal    |               Enable Signal              |             Set/Reset Signal             | Slice Load Count | Bel Load Count |
+--------------------+------------------------------------------+------------------------------------------+------------------+----------------+
|  pll/inst/clk_out1 |                                          | vga_con/hsync_i_1_n_0                    |                1 |              1 |
|  pll/inst/clk_out1 |                                          | vga_con/vsync_i_1_n_0                    |                1 |              1 |
|  pll/inst/clk_out1 | vga_con/cnt0_inferred__0/i__carry__1_n_1 | vga_con/y_dir[8]_i_1_n_0                 |                3 |              8 |
|  pll/inst/clk_out1 | vga_con/cnt0_inferred__0/i__carry__1_n_1 | vga_con/x_dir[9]_i_1_n_0                 |                2 |              9 |
|  pll/inst/clk_out1 |                                          | vga_con/clear                            |                3 |             10 |
|  pll/inst/clk_out1 |                                          | ball/red[3]_i_1_n_0                      |                5 |             12 |
|  pll/inst/clk_out1 |                                          |                                          |               11 |             30 |
|  pll/inst/clk_out1 |                                          | vga_con/cnt0_inferred__0/i__carry__1_n_1 |                8 |             32 |
|  pll/inst/clk_out1 | vga_con/en_i_1_n_0                       |                                          |               14 |             39 |
+--------------------+------------------------------------------+------------------------------------------+------------------+----------------+


+--------+-----------------------+
| Fanout | Number of ControlSets |
+--------+-----------------------+
| 1      |                     2 |
| 8      |                     1 |
| 9      |                     1 |
| 10     |                     1 |
| 12     |                     1 |
| 16+    |                     3 |
+--------+-----------------------+


