
*** Running vivado
    with args -log top.vds -m64 -product Vivado -mode batch -messageDb vivado.pb -notrace -source top.tcl


****** Vivado v2017.4 (64-bit)
  **** SW Build 2086221 on Fri Dec 15 20:55:39 MST 2017
  **** IP Build 2085800 on Fri Dec 15 22:25:07 MST 2017
    ** Copyright 1986-2017 Xilinx, Inc. All Rights Reserved.

source top.tcl -notrace
Command: synth_design -top top -part xc7a35tcpg236-1
Starting synth_design
Attempting to get a license for feature 'Synthesis' and/or device 'xc7a35t'
INFO: [Common 17-349] Got license for feature 'Synthesis' and/or device 'xc7a35t'
INFO: Launching helper process for spawning children vivado processes
INFO: Helper process launched with PID 13120 
---------------------------------------------------------------------------------
Starting RTL Elaboration : Time (s): cpu = 00:00:06 ; elapsed = 00:00:06 . Memory (MB): peak = 369.535 ; gain = 101.113
---------------------------------------------------------------------------------
INFO: [Synth 8-638] synthesizing module 'top' [D:/Documenten/Avans 2017-2018/Blok 8/Pong github/pong/FPGA/3d_pong/3d_pong.srcs/sources_1/new/top.vhd:15]
INFO: [Synth 8-3491] module 'clk' declared at 'D:/Documenten/Avans 2017-2018/Blok 8/Pong github/pong/FPGA/3d_pong/3d_pong.srcs/sources_1/imports/new/clk.vhd:5' bound to instance 'clk1' of component 'clk' [D:/Documenten/Avans 2017-2018/Blok 8/Pong github/pong/FPGA/3d_pong/3d_pong.srcs/sources_1/new/top.vhd:88]
INFO: [Synth 8-638] synthesizing module 'clk' [D:/Documenten/Avans 2017-2018/Blok 8/Pong github/pong/FPGA/3d_pong/3d_pong.srcs/sources_1/imports/new/clk.vhd:12]
INFO: [Synth 8-3491] module 'clk_wiz_0' declared at 'D:/Documenten/Avans 2017-2018/Blok 8/Pong github/pong/FPGA/3d_pong/3d_pong.runs/synth_1/.Xil/Vivado-14392-LAPTOP-NJE0O93L/realtime/clk_wiz_0_stub.v:5' bound to instance 'clk1' of component 'clk_wiz_0' [D:/Documenten/Avans 2017-2018/Blok 8/Pong github/pong/FPGA/3d_pong/3d_pong.srcs/sources_1/imports/new/clk.vhd:24]
INFO: [Synth 8-638] synthesizing module 'clk_wiz_0' [D:/Documenten/Avans 2017-2018/Blok 8/Pong github/pong/FPGA/3d_pong/3d_pong.runs/synth_1/.Xil/Vivado-14392-LAPTOP-NJE0O93L/realtime/clk_wiz_0_stub.v:5]
INFO: [Synth 8-256] done synthesizing module 'clk_wiz_0' (1#1) [D:/Documenten/Avans 2017-2018/Blok 8/Pong github/pong/FPGA/3d_pong/3d_pong.runs/synth_1/.Xil/Vivado-14392-LAPTOP-NJE0O93L/realtime/clk_wiz_0_stub.v:5]
INFO: [Synth 8-256] done synthesizing module 'clk' (2#1) [D:/Documenten/Avans 2017-2018/Blok 8/Pong github/pong/FPGA/3d_pong/3d_pong.srcs/sources_1/imports/new/clk.vhd:12]
INFO: [Synth 8-3491] module 'spi' declared at 'D:/Documenten/Avans 2017-2018/Blok 8/Pong github/pong/FPGA/3d_pong/3d_pong.srcs/sources_1/new/spi.vhd:6' bound to instance 'spi1' of component 'spi' [D:/Documenten/Avans 2017-2018/Blok 8/Pong github/pong/FPGA/3d_pong/3d_pong.srcs/sources_1/new/top.vhd:94]
INFO: [Synth 8-638] synthesizing module 'spi' [D:/Documenten/Avans 2017-2018/Blok 8/Pong github/pong/FPGA/3d_pong/3d_pong.srcs/sources_1/new/spi.vhd:15]
WARNING: [Synth 8-614] signal 'edge' is read in the process but is not in the sensitivity list [D:/Documenten/Avans 2017-2018/Blok 8/Pong github/pong/FPGA/3d_pong/3d_pong.srcs/sources_1/new/spi.vhd:26]
WARNING: [Synth 8-614] signal 'dataSPI' is read in the process but is not in the sensitivity list [D:/Documenten/Avans 2017-2018/Blok 8/Pong github/pong/FPGA/3d_pong/3d_pong.srcs/sources_1/new/spi.vhd:26]
WARNING: [Synth 8-614] signal 'bit_number' is read in the process but is not in the sensitivity list [D:/Documenten/Avans 2017-2018/Blok 8/Pong github/pong/FPGA/3d_pong/3d_pong.srcs/sources_1/new/spi.vhd:26]
WARNING: [Synth 8-614] signal 'new_frame_ready' is read in the process but is not in the sensitivity list [D:/Documenten/Avans 2017-2018/Blok 8/Pong github/pong/FPGA/3d_pong/3d_pong.srcs/sources_1/new/spi.vhd:26]
WARNING: [Synth 8-614] signal 'tmpwea' is read in the process but is not in the sensitivity list [D:/Documenten/Avans 2017-2018/Blok 8/Pong github/pong/FPGA/3d_pong/3d_pong.srcs/sources_1/new/spi.vhd:26]
WARNING: [Synth 8-6014] Unused sequential element tmpwea_reg was removed.  [D:/Documenten/Avans 2017-2018/Blok 8/Pong github/pong/FPGA/3d_pong/3d_pong.srcs/sources_1/new/spi.vhd:24]
INFO: [Synth 8-256] done synthesizing module 'spi' (3#1) [D:/Documenten/Avans 2017-2018/Blok 8/Pong github/pong/FPGA/3d_pong/3d_pong.srcs/sources_1/new/spi.vhd:15]
INFO: [Synth 8-3491] module 'VGA' declared at 'D:/Documenten/Avans 2017-2018/Blok 8/Pong github/pong/FPGA/3d_pong/3d_pong.srcs/sources_1/new/vga.vhd:7' bound to instance 'vga1' of component 'vga' [D:/Documenten/Avans 2017-2018/Blok 8/Pong github/pong/FPGA/3d_pong/3d_pong.srcs/sources_1/new/top.vhd:102]
INFO: [Synth 8-638] synthesizing module 'VGA' [D:/Documenten/Avans 2017-2018/Blok 8/Pong github/pong/FPGA/3d_pong/3d_pong.srcs/sources_1/new/vga.vhd:15]
INFO: [Synth 8-256] done synthesizing module 'VGA' (4#1) [D:/Documenten/Avans 2017-2018/Blok 8/Pong github/pong/FPGA/3d_pong/3d_pong.srcs/sources_1/new/vga.vhd:15]
INFO: [Synth 8-3491] module 'image' declared at 'D:/Documenten/Avans 2017-2018/Blok 8/Pong github/pong/FPGA/3d_pong/3d_pong.srcs/sources_1/new/image.vhd:6' bound to instance 'image1' of component 'image' [D:/Documenten/Avans 2017-2018/Blok 8/Pong github/pong/FPGA/3d_pong/3d_pong.srcs/sources_1/new/top.vhd:115]
INFO: [Synth 8-638] synthesizing module 'image' [D:/Documenten/Avans 2017-2018/Blok 8/Pong github/pong/FPGA/3d_pong/3d_pong.srcs/sources_1/new/image.vhd:17]
WARNING: [Synth 8-6014] Unused sequential element moeil_reg was removed.  [D:/Documenten/Avans 2017-2018/Blok 8/Pong github/pong/FPGA/3d_pong/3d_pong.srcs/sources_1/new/image.vhd:582]
WARNING: [Synth 8-6014] Unused sequential element xb3_reg was removed.  [D:/Documenten/Avans 2017-2018/Blok 8/Pong github/pong/FPGA/3d_pong/3d_pong.srcs/sources_1/new/image.vhd:602]
WARNING: [Synth 8-6014] Unused sequential element yb3_reg was removed.  [D:/Documenten/Avans 2017-2018/Blok 8/Pong github/pong/FPGA/3d_pong/3d_pong.srcs/sources_1/new/image.vhd:604]
WARNING: [Synth 8-6014] Unused sequential element xb4_reg was removed.  [D:/Documenten/Avans 2017-2018/Blok 8/Pong github/pong/FPGA/3d_pong/3d_pong.srcs/sources_1/new/image.vhd:606]
WARNING: [Synth 8-6014] Unused sequential element yb4_reg was removed.  [D:/Documenten/Avans 2017-2018/Blok 8/Pong github/pong/FPGA/3d_pong/3d_pong.srcs/sources_1/new/image.vhd:608]
WARNING: [Synth 8-6014] Unused sequential element color_reg was removed.  [D:/Documenten/Avans 2017-2018/Blok 8/Pong github/pong/FPGA/3d_pong/3d_pong.srcs/sources_1/new/image.vhd:663]
INFO: [Synth 8-256] done synthesizing module 'image' (5#1) [D:/Documenten/Avans 2017-2018/Blok 8/Pong github/pong/FPGA/3d_pong/3d_pong.srcs/sources_1/new/image.vhd:17]
INFO: [Synth 8-3491] module 'memory' declared at 'D:/Documenten/Avans 2017-2018/Blok 8/Pong github/pong/FPGA/3d_pong/3d_pong.srcs/sources_1/new/memory.vhd:5' bound to instance 'memory1' of component 'memory' [D:/Documenten/Avans 2017-2018/Blok 8/Pong github/pong/FPGA/3d_pong/3d_pong.srcs/sources_1/new/top.vhd:129]
INFO: [Synth 8-638] synthesizing module 'memory' [D:/Documenten/Avans 2017-2018/Blok 8/Pong github/pong/FPGA/3d_pong/3d_pong.srcs/sources_1/new/memory.vhd:14]
INFO: [Synth 8-3491] module 'blk_mem_gen_0' declared at 'D:/Documenten/Avans 2017-2018/Blok 8/Pong github/pong/FPGA/3d_pong/3d_pong.runs/synth_1/.Xil/Vivado-14392-LAPTOP-NJE0O93L/realtime/blk_mem_gen_0_stub.v:6' bound to instance 'ram1' of component 'blk_mem_gen_0' [D:/Documenten/Avans 2017-2018/Blok 8/Pong github/pong/FPGA/3d_pong/3d_pong.srcs/sources_1/new/memory.vhd:28]
INFO: [Synth 8-638] synthesizing module 'blk_mem_gen_0' [D:/Documenten/Avans 2017-2018/Blok 8/Pong github/pong/FPGA/3d_pong/3d_pong.runs/synth_1/.Xil/Vivado-14392-LAPTOP-NJE0O93L/realtime/blk_mem_gen_0_stub.v:6]
INFO: [Synth 8-256] done synthesizing module 'blk_mem_gen_0' (6#1) [D:/Documenten/Avans 2017-2018/Blok 8/Pong github/pong/FPGA/3d_pong/3d_pong.runs/synth_1/.Xil/Vivado-14392-LAPTOP-NJE0O93L/realtime/blk_mem_gen_0_stub.v:6]
INFO: [Synth 8-3491] module 'blk_mem_gen_0' declared at 'D:/Documenten/Avans 2017-2018/Blok 8/Pong github/pong/FPGA/3d_pong/3d_pong.runs/synth_1/.Xil/Vivado-14392-LAPTOP-NJE0O93L/realtime/blk_mem_gen_0_stub.v:6' bound to instance 'ram2' of component 'blk_mem_gen_0' [D:/Documenten/Avans 2017-2018/Blok 8/Pong github/pong/FPGA/3d_pong/3d_pong.srcs/sources_1/new/memory.vhd:37]
INFO: [Synth 8-256] done synthesizing module 'memory' (7#1) [D:/Documenten/Avans 2017-2018/Blok 8/Pong github/pong/FPGA/3d_pong/3d_pong.srcs/sources_1/new/memory.vhd:14]
INFO: [Synth 8-3491] module 'buttons' declared at 'D:/Documenten/Avans 2017-2018/Blok 8/Pong github/pong/FPGA/3d_pong/3d_pong.srcs/sources_1/new/buttons.vhd:6' bound to instance 'buttons1' of component 'buttons' [D:/Documenten/Avans 2017-2018/Blok 8/Pong github/pong/FPGA/3d_pong/3d_pong.srcs/sources_1/new/top.vhd:141]
INFO: [Synth 8-638] synthesizing module 'buttons' [D:/Documenten/Avans 2017-2018/Blok 8/Pong github/pong/FPGA/3d_pong/3d_pong.srcs/sources_1/new/buttons.vhd:15]
WARNING: [Synth 8-6014] Unused sequential element yb2_reg was removed.  [D:/Documenten/Avans 2017-2018/Blok 8/Pong github/pong/FPGA/3d_pong/3d_pong.srcs/sources_1/new/buttons.vhd:62]
WARNING: [Synth 8-6014] Unused sequential element xb2_reg was removed.  [D:/Documenten/Avans 2017-2018/Blok 8/Pong github/pong/FPGA/3d_pong/3d_pong.srcs/sources_1/new/buttons.vhd:101]
WARNING: [Synth 8-6014] Unused sequential element tmpwea2_reg was removed.  [D:/Documenten/Avans 2017-2018/Blok 8/Pong github/pong/FPGA/3d_pong/3d_pong.srcs/sources_1/new/buttons.vhd:173]
WARNING: [Synth 8-3848] Net wea2 in module/entity buttons does not have driver. [D:/Documenten/Avans 2017-2018/Blok 8/Pong github/pong/FPGA/3d_pong/3d_pong.srcs/sources_1/new/buttons.vhd:10]
INFO: [Synth 8-256] done synthesizing module 'buttons' (8#1) [D:/Documenten/Avans 2017-2018/Blok 8/Pong github/pong/FPGA/3d_pong/3d_pong.srcs/sources_1/new/buttons.vhd:15]
INFO: [Synth 8-3491] module 'rom_Geluid' declared at 'D:/Documenten/Avans 2017-2018/Blok 8/Pong github/pong/FPGA/3d_pong/3d_pong.srcs/sources_1/new/rom_Geluid.vhd:5' bound to instance 'rom_Geluid1' of component 'rom_geluid' [D:/Documenten/Avans 2017-2018/Blok 8/Pong github/pong/FPGA/3d_pong/3d_pong.srcs/sources_1/new/top.vhd:155]
INFO: [Synth 8-638] synthesizing module 'rom_Geluid' [D:/Documenten/Avans 2017-2018/Blok 8/Pong github/pong/FPGA/3d_pong/3d_pong.srcs/sources_1/new/rom_Geluid.vhd:11]
INFO: [Synth 8-3491] module 'blk_mem_gen_1' declared at 'D:/Documenten/Avans 2017-2018/Blok 8/Pong github/pong/FPGA/3d_pong/3d_pong.runs/synth_1/.Xil/Vivado-14392-LAPTOP-NJE0O93L/realtime/blk_mem_gen_1_stub.v:6' bound to instance 'rom' of component 'blk_mem_gen_1' [D:/Documenten/Avans 2017-2018/Blok 8/Pong github/pong/FPGA/3d_pong/3d_pong.srcs/sources_1/new/rom_Geluid.vhd:21]
INFO: [Synth 8-638] synthesizing module 'blk_mem_gen_1' [D:/Documenten/Avans 2017-2018/Blok 8/Pong github/pong/FPGA/3d_pong/3d_pong.runs/synth_1/.Xil/Vivado-14392-LAPTOP-NJE0O93L/realtime/blk_mem_gen_1_stub.v:6]
INFO: [Synth 8-256] done synthesizing module 'blk_mem_gen_1' (9#1) [D:/Documenten/Avans 2017-2018/Blok 8/Pong github/pong/FPGA/3d_pong/3d_pong.runs/synth_1/.Xil/Vivado-14392-LAPTOP-NJE0O93L/realtime/blk_mem_gen_1_stub.v:6]
INFO: [Synth 8-256] done synthesizing module 'rom_Geluid' (10#1) [D:/Documenten/Avans 2017-2018/Blok 8/Pong github/pong/FPGA/3d_pong/3d_pong.srcs/sources_1/new/rom_Geluid.vhd:11]
INFO: [Synth 8-256] done synthesizing module 'top' (11#1) [D:/Documenten/Avans 2017-2018/Blok 8/Pong github/pong/FPGA/3d_pong/3d_pong.srcs/sources_1/new/top.vhd:15]
WARNING: [Synth 8-3331] design buttons has unconnected port wea2[0]
WARNING: [Synth 8-3331] design image has unconnected port data_ram[9]
WARNING: [Synth 8-3331] design image has unconnected port data_ram[8]
WARNING: [Synth 8-3331] design image has unconnected port data_ram[5]
WARNING: [Synth 8-3331] design image has unconnected port data_ram[4]
---------------------------------------------------------------------------------
Finished RTL Elaboration : Time (s): cpu = 00:00:12 ; elapsed = 00:00:12 . Memory (MB): peak = 449.660 ; gain = 181.238
---------------------------------------------------------------------------------

Report Check Netlist: 
+------+------------------+-------+---------+-------+------------------+
|      |Item              |Errors |Warnings |Status |Description       |
+------+------------------+-------+---------+-------+------------------+
|1     |multi_driven_nets |      0|        0|Passed |Multi driven nets |
+------+------------------+-------+---------+-------+------------------+
---------------------------------------------------------------------------------
Finished RTL Optimization Phase 1 : Time (s): cpu = 00:00:13 ; elapsed = 00:00:13 . Memory (MB): peak = 449.660 ; gain = 181.238
---------------------------------------------------------------------------------
INFO: [Device 21-403] Loading part xc7a35tcpg236-1
INFO: [Project 1-570] Preparing netlist for logic optimization

Processing XDC Constraints
Initializing timing engine
Parsing XDC File [D:/Documenten/Avans 2017-2018/Blok 8/Pong github/pong/FPGA/3d_pong/3d_pong.runs/synth_1/.Xil/Vivado-14392-LAPTOP-NJE0O93L/dcp3/clk_wiz_0_in_context.xdc] for cell 'clk1/clk1'
Finished Parsing XDC File [D:/Documenten/Avans 2017-2018/Blok 8/Pong github/pong/FPGA/3d_pong/3d_pong.runs/synth_1/.Xil/Vivado-14392-LAPTOP-NJE0O93L/dcp3/clk_wiz_0_in_context.xdc] for cell 'clk1/clk1'
Parsing XDC File [D:/Documenten/Avans 2017-2018/Blok 8/Pong github/pong/FPGA/3d_pong/3d_pong.runs/synth_1/.Xil/Vivado-14392-LAPTOP-NJE0O93L/dcp4/blk_mem_gen_0_in_context.xdc] for cell 'memory1/ram1'
Finished Parsing XDC File [D:/Documenten/Avans 2017-2018/Blok 8/Pong github/pong/FPGA/3d_pong/3d_pong.runs/synth_1/.Xil/Vivado-14392-LAPTOP-NJE0O93L/dcp4/blk_mem_gen_0_in_context.xdc] for cell 'memory1/ram1'
Parsing XDC File [D:/Documenten/Avans 2017-2018/Blok 8/Pong github/pong/FPGA/3d_pong/3d_pong.runs/synth_1/.Xil/Vivado-14392-LAPTOP-NJE0O93L/dcp4/blk_mem_gen_0_in_context.xdc] for cell 'memory1/ram2'
Finished Parsing XDC File [D:/Documenten/Avans 2017-2018/Blok 8/Pong github/pong/FPGA/3d_pong/3d_pong.runs/synth_1/.Xil/Vivado-14392-LAPTOP-NJE0O93L/dcp4/blk_mem_gen_0_in_context.xdc] for cell 'memory1/ram2'
Parsing XDC File [D:/Documenten/Avans 2017-2018/Blok 8/Pong github/pong/FPGA/3d_pong/3d_pong.runs/synth_1/.Xil/Vivado-14392-LAPTOP-NJE0O93L/dcp5/blk_mem_gen_1_in_context.xdc] for cell 'rom_Geluid1/rom'
Finished Parsing XDC File [D:/Documenten/Avans 2017-2018/Blok 8/Pong github/pong/FPGA/3d_pong/3d_pong.runs/synth_1/.Xil/Vivado-14392-LAPTOP-NJE0O93L/dcp5/blk_mem_gen_1_in_context.xdc] for cell 'rom_Geluid1/rom'
Parsing XDC File [D:/Documenten/Avans 2017-2018/Blok 8/Pong github/pong/FPGA/3d_pong/3d_pong.srcs/constrs_1/new/top.xdc]
Finished Parsing XDC File [D:/Documenten/Avans 2017-2018/Blok 8/Pong github/pong/FPGA/3d_pong/3d_pong.srcs/constrs_1/new/top.xdc]
INFO: [Project 1-236] Implementation specific constraints were found while reading constraint file [D:/Documenten/Avans 2017-2018/Blok 8/Pong github/pong/FPGA/3d_pong/3d_pong.srcs/constrs_1/new/top.xdc]. These constraints will be ignored for synthesis but will be used in implementation. Impacted constraints are listed in the file [.Xil/top_propImpl.xdc].
Resolution: To avoid this warning, move constraints listed in [.Xil/top_propImpl.xdc] to another XDC file and exclude this new file from synthesis with the used_in_synthesis property (File Properties dialog in GUI) and re-run elaboration/synthesis.
Completed Processing XDC Constraints

INFO: [Project 1-111] Unisim Transformation Summary:
No Unisim elements were transformed.

Constraint Validation Runtime : Time (s): cpu = 00:00:00 ; elapsed = 00:00:00.009 . Memory (MB): peak = 797.898 ; gain = 0.000
---------------------------------------------------------------------------------
Finished Constraint Validation : Time (s): cpu = 00:00:26 ; elapsed = 00:00:27 . Memory (MB): peak = 797.898 ; gain = 529.477
---------------------------------------------------------------------------------
---------------------------------------------------------------------------------
Start Loading Part and Timing Information
---------------------------------------------------------------------------------
Loading part: xc7a35tcpg236-1
---------------------------------------------------------------------------------
Finished Loading Part and Timing Information : Time (s): cpu = 00:00:26 ; elapsed = 00:00:27 . Memory (MB): peak = 797.898 ; gain = 529.477
---------------------------------------------------------------------------------
---------------------------------------------------------------------------------
Start Applying 'set_property' XDC Constraints
---------------------------------------------------------------------------------
Applied set_property IO_BUFFER_TYPE = NONE for clk100MHz. (constraint file  {D:/Documenten/Avans 2017-2018/Blok 8/Pong github/pong/FPGA/3d_pong/3d_pong.runs/synth_1/.Xil/Vivado-14392-LAPTOP-NJE0O93L/dcp3/clk_wiz_0_in_context.xdc}, line 3).
Applied set_property CLOCK_BUFFER_TYPE = NONE for clk100MHz. (constraint file  {D:/Documenten/Avans 2017-2018/Blok 8/Pong github/pong/FPGA/3d_pong/3d_pong.runs/synth_1/.Xil/Vivado-14392-LAPTOP-NJE0O93L/dcp3/clk_wiz_0_in_context.xdc}, line 4).
Applied set_property DONT_TOUCH = true for clk1/clk1. (constraint file  auto generated constraint, line ).
Applied set_property DONT_TOUCH = true for memory1/ram1. (constraint file  auto generated constraint, line ).
Applied set_property DONT_TOUCH = true for memory1/ram2. (constraint file  auto generated constraint, line ).
Applied set_property DONT_TOUCH = true for rom_Geluid1/rom. (constraint file  auto generated constraint, line ).
---------------------------------------------------------------------------------
Finished applying 'set_property' XDC Constraints : Time (s): cpu = 00:00:26 ; elapsed = 00:00:27 . Memory (MB): peak = 797.898 ; gain = 529.477
---------------------------------------------------------------------------------
INFO: [Synth 8-5545] ROM "bit_number" won't be mapped to RAM because address size (32) is larger than maximum supported(25)
WARNING: [Synth 8-6014] Unused sequential element hcount_reg was removed.  [D:/Documenten/Avans 2017-2018/Blok 8/Pong github/pong/FPGA/3d_pong/3d_pong.srcs/sources_1/new/vga.vhd:22]
WARNING: [Synth 8-6014] Unused sequential element vcount_reg was removed.  [D:/Documenten/Avans 2017-2018/Blok 8/Pong github/pong/FPGA/3d_pong/3d_pong.srcs/sources_1/new/vga.vhd:23]
INFO: [Synth 8-5818] HDL ADVISOR - The operator resource <adder> is shared. To prevent sharing consider applying a KEEP on the output of the operator [D:/Documenten/Avans 2017-2018/Blok 8/Pong github/pong/FPGA/3d_pong/3d_pong.srcs/sources_1/new/image.vhd:617]
INFO: [Synth 8-5818] HDL ADVISOR - The operator resource <adder> is shared. To prevent sharing consider applying a KEEP on the output of the operator [D:/Documenten/Avans 2017-2018/Blok 8/Pong github/pong/FPGA/3d_pong/3d_pong.srcs/sources_1/new/image.vhd:616]
INFO: [Synth 8-5818] HDL ADVISOR - The operator resource <adder> is shared. To prevent sharing consider applying a KEEP on the output of the operator [D:/Documenten/Avans 2017-2018/Blok 8/Pong github/pong/FPGA/3d_pong/3d_pong.srcs/sources_1/new/image.vhd:619]
INFO: [Synth 8-5818] HDL ADVISOR - The operator resource <adder> is shared. To prevent sharing consider applying a KEEP on the output of the operator [D:/Documenten/Avans 2017-2018/Blok 8/Pong github/pong/FPGA/3d_pong/3d_pong.srcs/sources_1/new/image.vhd:618]
INFO: [Synth 8-5546] ROM "refresh_counter" won't be mapped to RAM because it is too sparse
WARNING: [Synth 8-6014] Unused sequential element RamCounter_reg was removed.  [D:/Documenten/Avans 2017-2018/Blok 8/Pong github/pong/FPGA/3d_pong/3d_pong.srcs/sources_1/new/image.vhd:571]
WARNING: [Synth 8-6014] Unused sequential element clkcounter_reg was removed.  [D:/Documenten/Avans 2017-2018/Blok 8/Pong github/pong/FPGA/3d_pong/3d_pong.srcs/sources_1/new/image.vhd:624]
WARNING: [Synth 8-6014] Unused sequential element soundcounter_reg was removed.  [D:/Documenten/Avans 2017-2018/Blok 8/Pong github/pong/FPGA/3d_pong/3d_pong.srcs/sources_1/new/image.vhd:639]
WARNING: [Synth 8-6014] Unused sequential element tmpadressound_reg was removed.  [D:/Documenten/Avans 2017-2018/Blok 8/Pong github/pong/FPGA/3d_pong/3d_pong.srcs/sources_1/new/image.vhd:519]
WARNING: [Synth 8-6014] Unused sequential element place_hoofdmenu_reg was removed.  [D:/Documenten/Avans 2017-2018/Blok 8/Pong github/pong/FPGA/3d_pong/3d_pong.srcs/sources_1/new/image.vhd:1791]
WARNING: [Synth 8-6014] Unused sequential element place_pong_reg was removed.  [D:/Documenten/Avans 2017-2018/Blok 8/Pong github/pong/FPGA/3d_pong/3d_pong.srcs/sources_1/new/image.vhd:1807]
WARNING: [Synth 8-6014] Unused sequential element place_moeilijkheidmenu_reg was removed.  [D:/Documenten/Avans 2017-2018/Blok 8/Pong github/pong/FPGA/3d_pong/3d_pong.srcs/sources_1/new/image.vhd:1876]
WARNING: [Synth 8-6014] Unused sequential element place_moeilijkheid_reg was removed.  [D:/Documenten/Avans 2017-2018/Blok 8/Pong github/pong/FPGA/3d_pong/3d_pong.srcs/sources_1/new/image.vhd:1892]
WARNING: [Synth 8-6014] Unused sequential element place_pauzemenu_reg was removed.  [D:/Documenten/Avans 2017-2018/Blok 8/Pong github/pong/FPGA/3d_pong/3d_pong.srcs/sources_1/new/image.vhd:1958]
WARNING: [Synth 8-6014] Unused sequential element place_pauze_reg was removed.  [D:/Documenten/Avans 2017-2018/Blok 8/Pong github/pong/FPGA/3d_pong/3d_pong.srcs/sources_1/new/image.vhd:1974]
INFO: [Synth 8-5546] ROM "refresh_counter" won't be mapped to RAM because it is too sparse
INFO: [Synth 8-5544] ROM "red" won't be mapped to Block RAM because address size (1) smaller than threshold (5)
INFO: [Synth 8-5544] ROM "red" won't be mapped to Block RAM because address size (1) smaller than threshold (5)
INFO: [Synth 8-5544] ROM "red" won't be mapped to Block RAM because address size (1) smaller than threshold (5)
INFO: [Synth 8-5544] ROM "red" won't be mapped to Block RAM because address size (1) smaller than threshold (5)
INFO: [Synth 8-5544] ROM "green" won't be mapped to Block RAM because address size (1) smaller than threshold (5)
INFO: [Synth 8-5544] ROM "green" won't be mapped to Block RAM because address size (1) smaller than threshold (5)
INFO: [Synth 8-5544] ROM "green" won't be mapped to Block RAM because address size (1) smaller than threshold (5)
INFO: [Synth 8-5544] ROM "blue" won't be mapped to Block RAM because address size (1) smaller than threshold (5)
INFO: [Synth 8-5544] ROM "blue" won't be mapped to Block RAM because address size (1) smaller than threshold (5)
WARNING: [Synth 8-6014] Unused sequential element upcount_reg was removed.  [D:/Documenten/Avans 2017-2018/Blok 8/Pong github/pong/FPGA/3d_pong/3d_pong.srcs/sources_1/new/buttons.vhd:53]
WARNING: [Synth 8-6014] Unused sequential element yb1_reg was removed.  [D:/Documenten/Avans 2017-2018/Blok 8/Pong github/pong/FPGA/3d_pong/3d_pong.srcs/sources_1/new/buttons.vhd:57]
WARNING: [Synth 8-6014] Unused sequential element yball_reg was removed.  [D:/Documenten/Avans 2017-2018/Blok 8/Pong github/pong/FPGA/3d_pong/3d_pong.srcs/sources_1/new/buttons.vhd:66]
WARNING: [Synth 8-6014] Unused sequential element downcount_reg was removed.  [D:/Documenten/Avans 2017-2018/Blok 8/Pong github/pong/FPGA/3d_pong/3d_pong.srcs/sources_1/new/buttons.vhd:73]
WARNING: [Synth 8-6014] Unused sequential element leftcount_reg was removed.  [D:/Documenten/Avans 2017-2018/Blok 8/Pong github/pong/FPGA/3d_pong/3d_pong.srcs/sources_1/new/buttons.vhd:93]
WARNING: [Synth 8-6014] Unused sequential element xb1_reg was removed.  [D:/Documenten/Avans 2017-2018/Blok 8/Pong github/pong/FPGA/3d_pong/3d_pong.srcs/sources_1/new/buttons.vhd:97]
WARNING: [Synth 8-6014] Unused sequential element xball_reg was removed.  [D:/Documenten/Avans 2017-2018/Blok 8/Pong github/pong/FPGA/3d_pong/3d_pong.srcs/sources_1/new/buttons.vhd:105]
WARNING: [Synth 8-6014] Unused sequential element rightcount_reg was removed.  [D:/Documenten/Avans 2017-2018/Blok 8/Pong github/pong/FPGA/3d_pong/3d_pong.srcs/sources_1/new/buttons.vhd:113]
WARNING: [Synth 8-6014] Unused sequential element forwardcount_reg was removed.  [D:/Documenten/Avans 2017-2018/Blok 8/Pong github/pong/FPGA/3d_pong/3d_pong.srcs/sources_1/new/buttons.vhd:133]
WARNING: [Synth 8-6014] Unused sequential element rball_reg was removed.  [D:/Documenten/Avans 2017-2018/Blok 8/Pong github/pong/FPGA/3d_pong/3d_pong.srcs/sources_1/new/buttons.vhd:136]
WARNING: [Synth 8-6014] Unused sequential element backwardcount_reg was removed.  [D:/Documenten/Avans 2017-2018/Blok 8/Pong github/pong/FPGA/3d_pong/3d_pong.srcs/sources_1/new/buttons.vhd:143]
WARNING: [Synth 8-6014] Unused sequential element ramcounter_reg was removed.  [D:/Documenten/Avans 2017-2018/Blok 8/Pong github/pong/FPGA/3d_pong/3d_pong.srcs/sources_1/new/buttons.vhd:158]
WARNING: [Synth 8-327] inferring latch for variable 'frame_reg' [D:/Documenten/Avans 2017-2018/Blok 8/Pong github/pong/FPGA/3d_pong/3d_pong.srcs/sources_1/new/spi.vhd:29]
WARNING: [Synth 8-327] inferring latch for variable 'bit_number_reg' [D:/Documenten/Avans 2017-2018/Blok 8/Pong github/pong/FPGA/3d_pong/3d_pong.srcs/sources_1/new/spi.vhd:29]
---------------------------------------------------------------------------------
Finished RTL Optimization Phase 2 : Time (s): cpu = 00:00:29 ; elapsed = 00:00:30 . Memory (MB): peak = 797.898 ; gain = 529.477
---------------------------------------------------------------------------------

Report RTL Partitions: 
+-+--------------+------------+----------+
| |RTL Partition |Replication |Instances |
+-+--------------+------------+----------+
+-+--------------+------------+----------+
---------------------------------------------------------------------------------
Start RTL Component Statistics 
---------------------------------------------------------------------------------
Detailed RTL Component Info : 
+---Adders : 
	   2 Input     32 Bit       Adders := 40    
	   2 Input     31 Bit       Adders := 2     
	   3 Input     11 Bit       Adders := 2     
	   2 Input     11 Bit       Adders := 8     
	   2 Input     10 Bit       Adders := 23    
	   3 Input     10 Bit       Adders := 4     
	   2 Input      4 Bit       Adders := 2     
	   2 Input      3 Bit       Adders := 2     
+---Registers : 
	               32 Bit    Registers := 4     
	               10 Bit    Registers := 15    
	                4 Bit    Registers := 8     
	                3 Bit    Registers := 2     
	                2 Bit    Registers := 1     
	                1 Bit    Registers := 10    
+---Muxes : 
	   2 Input     32 Bit        Muxes := 73    
	   4 Input     32 Bit        Muxes := 2     
	   5 Input     32 Bit        Muxes := 1     
	   2 Input     31 Bit        Muxes := 2     
	   2 Input     16 Bit        Muxes := 1     
	   2 Input     10 Bit        Muxes := 30    
	   2 Input      4 Bit        Muxes := 244   
	   4 Input      4 Bit        Muxes := 1     
	  12 Input      4 Bit        Muxes := 6     
	  11 Input      4 Bit        Muxes := 1     
	   3 Input      4 Bit        Muxes := 1     
	   2 Input      3 Bit        Muxes := 8     
	   3 Input      3 Bit        Muxes := 1     
	   2 Input      2 Bit        Muxes := 19    
	  11 Input      2 Bit        Muxes := 1     
	   6 Input      2 Bit        Muxes := 1     
	   2 Input      1 Bit        Muxes := 130   
	  12 Input      1 Bit        Muxes := 2     
---------------------------------------------------------------------------------
Finished RTL Component Statistics 
---------------------------------------------------------------------------------
---------------------------------------------------------------------------------
Start RTL Hierarchical Component Statistics 
---------------------------------------------------------------------------------
Hierarchical RTL Component report 
Module clk 
Detailed RTL Component Info : 
+---Registers : 
	                1 Bit    Registers := 5     
Module spi 
Detailed RTL Component Info : 
+---Adders : 
	   2 Input     32 Bit       Adders := 1     
+---Muxes : 
	   2 Input     32 Bit        Muxes := 1     
	   2 Input     16 Bit        Muxes := 1     
Module VGA 
Detailed RTL Component Info : 
+---Adders : 
	   2 Input     10 Bit       Adders := 2     
+---Registers : 
	               10 Bit    Registers := 2     
	                4 Bit    Registers := 3     
	                1 Bit    Registers := 2     
+---Muxes : 
	   2 Input      4 Bit        Muxes := 3     
Module image 
Detailed RTL Component Info : 
+---Adders : 
	   2 Input     32 Bit       Adders := 39    
	   2 Input     31 Bit       Adders := 2     
	   3 Input     11 Bit       Adders := 2     
	   2 Input     11 Bit       Adders := 8     
	   3 Input     10 Bit       Adders := 4     
	   2 Input     10 Bit       Adders := 7     
	   2 Input      4 Bit       Adders := 1     
	   2 Input      3 Bit       Adders := 1     
+---Registers : 
	               32 Bit    Registers := 4     
	               10 Bit    Registers := 8     
	                4 Bit    Registers := 4     
	                3 Bit    Registers := 1     
	                2 Bit    Registers := 1     
	                1 Bit    Registers := 2     
+---Muxes : 
	   2 Input     32 Bit        Muxes := 72    
	   4 Input     32 Bit        Muxes := 2     
	   5 Input     32 Bit        Muxes := 1     
	   2 Input     31 Bit        Muxes := 2     
	   2 Input     10 Bit        Muxes := 10    
	   2 Input      4 Bit        Muxes := 241   
	   4 Input      4 Bit        Muxes := 1     
	  12 Input      4 Bit        Muxes := 6     
	  11 Input      4 Bit        Muxes := 1     
	   3 Input      4 Bit        Muxes := 1     
	   2 Input      3 Bit        Muxes := 8     
	   3 Input      3 Bit        Muxes := 1     
	   2 Input      2 Bit        Muxes := 19    
	  11 Input      2 Bit        Muxes := 1     
	   6 Input      2 Bit        Muxes := 1     
	   2 Input      1 Bit        Muxes := 109   
	  12 Input      1 Bit        Muxes := 2     
Module buttons 
Detailed RTL Component Info : 
+---Adders : 
	   2 Input     10 Bit       Adders := 14    
	   2 Input      4 Bit       Adders := 1     
	   2 Input      3 Bit       Adders := 1     
+---Registers : 
	               10 Bit    Registers := 5     
	                4 Bit    Registers := 1     
	                3 Bit    Registers := 1     
	                1 Bit    Registers := 1     
+---Muxes : 
	   2 Input     10 Bit        Muxes := 20    
	   2 Input      1 Bit        Muxes := 21    
---------------------------------------------------------------------------------
Finished RTL Hierarchical Component Statistics
---------------------------------------------------------------------------------
---------------------------------------------------------------------------------
Start Part Resource Summary
---------------------------------------------------------------------------------
Part Resources:
DSPs: 90 (col length:60)
BRAMs: 100 (col length: RAMB18 60 RAMB36 30)
---------------------------------------------------------------------------------
Finished Part Resource Summary
---------------------------------------------------------------------------------
---------------------------------------------------------------------------------
Start Cross Boundary and Area Optimization
---------------------------------------------------------------------------------
INFO: [Synth 8-5546] ROM "refresh_counter" won't be mapped to RAM because it is too sparse
DSP Debug: swapped A/B pins for adder 000001BE649EF4F0
WARNING: [Synth 8-6014] Unused sequential element RamCounter_reg was removed.  [D:/Documenten/Avans 2017-2018/Blok 8/Pong github/pong/FPGA/3d_pong/3d_pong.srcs/sources_1/new/image.vhd:571]
WARNING: [Synth 8-6014] Unused sequential element place_hoofdmenu_reg was removed.  [D:/Documenten/Avans 2017-2018/Blok 8/Pong github/pong/FPGA/3d_pong/3d_pong.srcs/sources_1/new/image.vhd:1791]
WARNING: [Synth 8-6014] Unused sequential element place_pong_reg was removed.  [D:/Documenten/Avans 2017-2018/Blok 8/Pong github/pong/FPGA/3d_pong/3d_pong.srcs/sources_1/new/image.vhd:1807]
WARNING: [Synth 8-6014] Unused sequential element place_moeilijkheidmenu_reg was removed.  [D:/Documenten/Avans 2017-2018/Blok 8/Pong github/pong/FPGA/3d_pong/3d_pong.srcs/sources_1/new/image.vhd:1876]
WARNING: [Synth 8-6014] Unused sequential element place_moeilijkheid_reg was removed.  [D:/Documenten/Avans 2017-2018/Blok 8/Pong github/pong/FPGA/3d_pong/3d_pong.srcs/sources_1/new/image.vhd:1892]
WARNING: [Synth 8-6014] Unused sequential element place_pauzemenu_reg was removed.  [D:/Documenten/Avans 2017-2018/Blok 8/Pong github/pong/FPGA/3d_pong/3d_pong.srcs/sources_1/new/image.vhd:1958]
WARNING: [Synth 8-6014] Unused sequential element place_pauze_reg was removed.  [D:/Documenten/Avans 2017-2018/Blok 8/Pong github/pong/FPGA/3d_pong/3d_pong.srcs/sources_1/new/image.vhd:1974]
WARNING: [Synth 8-6014] Unused sequential element clkcounter_reg was removed.  [D:/Documenten/Avans 2017-2018/Blok 8/Pong github/pong/FPGA/3d_pong/3d_pong.srcs/sources_1/new/image.vhd:624]
WARNING: [Synth 8-6014] Unused sequential element soundcounter_reg was removed.  [D:/Documenten/Avans 2017-2018/Blok 8/Pong github/pong/FPGA/3d_pong/3d_pong.srcs/sources_1/new/image.vhd:639]
WARNING: [Synth 8-6014] Unused sequential element tmpadressound_reg was removed.  [D:/Documenten/Avans 2017-2018/Blok 8/Pong github/pong/FPGA/3d_pong/3d_pong.srcs/sources_1/new/image.vhd:519]
DSP Report: Generating DSP red4, operation Mode is: A*B.
DSP Report: operator red4 is absorbed into DSP red4.
DSP Report: Generating DSP red3, operation Mode is: PCIN+A*B.
DSP Report: operator red3 is absorbed into DSP red3.
DSP Report: operator red4 is absorbed into DSP red3.
DSP Report: Generating DSP red4, operation Mode is: A*B.
DSP Report: operator red4 is absorbed into DSP red4.
DSP Report: Generating DSP red3, operation Mode is: PCIN+A*B.
DSP Report: operator red3 is absorbed into DSP red3.
DSP Report: operator red4 is absorbed into DSP red3.
INFO: [Synth 8-5545] ROM "spi1/bit_number" won't be mapped to RAM because address size (32) is larger than maximum supported(25)
WARNING: [Synth 8-6014] Unused sequential element buttons1/ramcounter_reg was removed.  [D:/Documenten/Avans 2017-2018/Blok 8/Pong github/pong/FPGA/3d_pong/3d_pong.srcs/sources_1/new/buttons.vhd:158]
WARNING: [Synth 8-6014] Unused sequential element vga1/hcount_reg was removed.  [D:/Documenten/Avans 2017-2018/Blok 8/Pong github/pong/FPGA/3d_pong/3d_pong.srcs/sources_1/new/vga.vhd:22]
WARNING: [Synth 8-6014] Unused sequential element vga1/vcount_reg was removed.  [D:/Documenten/Avans 2017-2018/Blok 8/Pong github/pong/FPGA/3d_pong/3d_pong.srcs/sources_1/new/vga.vhd:23]
WARNING: [Synth 8-6014] Unused sequential element buttons1/leftcount_reg was removed.  [D:/Documenten/Avans 2017-2018/Blok 8/Pong github/pong/FPGA/3d_pong/3d_pong.srcs/sources_1/new/buttons.vhd:93]
WARNING: [Synth 8-6014] Unused sequential element buttons1/rightcount_reg was removed.  [D:/Documenten/Avans 2017-2018/Blok 8/Pong github/pong/FPGA/3d_pong/3d_pong.srcs/sources_1/new/buttons.vhd:113]
WARNING: [Synth 8-6014] Unused sequential element buttons1/xb1_reg was removed.  [D:/Documenten/Avans 2017-2018/Blok 8/Pong github/pong/FPGA/3d_pong/3d_pong.srcs/sources_1/new/buttons.vhd:97]
WARNING: [Synth 8-6014] Unused sequential element buttons1/xball_reg was removed.  [D:/Documenten/Avans 2017-2018/Blok 8/Pong github/pong/FPGA/3d_pong/3d_pong.srcs/sources_1/new/buttons.vhd:105]
WARNING: [Synth 8-6014] Unused sequential element buttons1/upcount_reg was removed.  [D:/Documenten/Avans 2017-2018/Blok 8/Pong github/pong/FPGA/3d_pong/3d_pong.srcs/sources_1/new/buttons.vhd:53]
WARNING: [Synth 8-6014] Unused sequential element buttons1/downcount_reg was removed.  [D:/Documenten/Avans 2017-2018/Blok 8/Pong github/pong/FPGA/3d_pong/3d_pong.srcs/sources_1/new/buttons.vhd:73]
WARNING: [Synth 8-6014] Unused sequential element buttons1/yb1_reg was removed.  [D:/Documenten/Avans 2017-2018/Blok 8/Pong github/pong/FPGA/3d_pong/3d_pong.srcs/sources_1/new/buttons.vhd:57]
WARNING: [Synth 8-6014] Unused sequential element buttons1/yball_reg was removed.  [D:/Documenten/Avans 2017-2018/Blok 8/Pong github/pong/FPGA/3d_pong/3d_pong.srcs/sources_1/new/buttons.vhd:66]
WARNING: [Synth 8-6014] Unused sequential element buttons1/backwardcount_reg was removed.  [D:/Documenten/Avans 2017-2018/Blok 8/Pong github/pong/FPGA/3d_pong/3d_pong.srcs/sources_1/new/buttons.vhd:143]
WARNING: [Synth 8-6014] Unused sequential element buttons1/forwardcount_reg was removed.  [D:/Documenten/Avans 2017-2018/Blok 8/Pong github/pong/FPGA/3d_pong/3d_pong.srcs/sources_1/new/buttons.vhd:133]
WARNING: [Synth 8-6014] Unused sequential element buttons1/rball_reg was removed.  [D:/Documenten/Avans 2017-2018/Blok 8/Pong github/pong/FPGA/3d_pong/3d_pong.srcs/sources_1/new/buttons.vhd:136]
WARNING: [Synth 8-3331] design image has unconnected port data_ram[9]
WARNING: [Synth 8-3331] design image has unconnected port data_ram[8]
WARNING: [Synth 8-3331] design image has unconnected port data_ram[5]
WARNING: [Synth 8-3331] design image has unconnected port data_ram[4]
INFO: [Synth 8-3333] propagating constant 0 across sequential element (\spi1/new_frame_ready_reg )
INFO: [Synth 8-3333] propagating constant 1 across sequential element (\spi1/tmpwea_reg[0] )
INFO: [Synth 8-3886] merging instance 'image1/blue_reg[0]' (FDE) to 'image1/blue_reg[1]'
INFO: [Synth 8-3886] merging instance 'image1/blue_reg[1]' (FDE) to 'image1/blue_reg[2]'
INFO: [Synth 8-3886] merging instance 'image1/green_reg[0]' (FDE) to 'image1/green_reg[2]'
INFO: [Synth 8-3886] merging instance 'image1/red_reg[0]' (FDE) to 'image1/red_reg[2]'
INFO: [Synth 8-3333] propagating constant 0 across sequential element (\spi1/dina_reg[0] )
INFO: [Synth 8-3333] propagating constant 0 across sequential element (\spi1/dina_reg[1] )
INFO: [Synth 8-3333] propagating constant 0 across sequential element (\spi1/dina_reg[2] )
INFO: [Synth 8-3333] propagating constant 0 across sequential element (\spi1/dina_reg[3] )
INFO: [Synth 8-3333] propagating constant 0 across sequential element (\spi1/dina_reg[4] )
INFO: [Synth 8-3333] propagating constant 0 across sequential element (\spi1/dina_reg[5] )
INFO: [Synth 8-3333] propagating constant 0 across sequential element (\spi1/dina_reg[6] )
INFO: [Synth 8-3333] propagating constant 0 across sequential element (\spi1/dina_reg[7] )
INFO: [Synth 8-3333] propagating constant 0 across sequential element (\spi1/dina_reg[8] )
INFO: [Synth 8-3333] propagating constant 0 across sequential element (\spi1/dina_reg[9] )
INFO: [Synth 8-3333] propagating constant 0 across sequential element (\spi1/addra_reg[0] )
INFO: [Synth 8-3333] propagating constant 0 across sequential element (\spi1/addra_reg[1] )
INFO: [Synth 8-3333] propagating constant 0 across sequential element (\spi1/addra_reg[2] )
INFO: [Synth 8-3333] propagating constant 0 across sequential element (\spi1/addra_reg[3] )
INFO: [Synth 8-3886] merging instance 'vga1/blue_reg[0]' (FD) to 'vga1/blue_reg[1]'
INFO: [Synth 8-3886] merging instance 'vga1/blue_reg[1]' (FD) to 'vga1/blue_reg[2]'
INFO: [Synth 8-3886] merging instance 'vga1/green_reg[0]' (FD) to 'vga1/green_reg[2]'
INFO: [Synth 8-3886] merging instance 'vga1/red_reg[0]' (FD) to 'vga1/red_reg[2]'
WARNING: [Synth 8-3332] Sequential element (spi1/tmpwea_reg[0]) is unused and will be removed from module top.
WARNING: [Synth 8-3332] Sequential element (spi1/addra_reg[3]) is unused and will be removed from module top.
WARNING: [Synth 8-3332] Sequential element (spi1/addra_reg[2]) is unused and will be removed from module top.
WARNING: [Synth 8-3332] Sequential element (spi1/addra_reg[1]) is unused and will be removed from module top.
WARNING: [Synth 8-3332] Sequential element (spi1/addra_reg[0]) is unused and will be removed from module top.
WARNING: [Synth 8-3332] Sequential element (spi1/dina_reg[9]) is unused and will be removed from module top.
WARNING: [Synth 8-3332] Sequential element (spi1/dina_reg[8]) is unused and will be removed from module top.
WARNING: [Synth 8-3332] Sequential element (spi1/dina_reg[7]) is unused and will be removed from module top.
WARNING: [Synth 8-3332] Sequential element (spi1/dina_reg[6]) is unused and will be removed from module top.
WARNING: [Synth 8-3332] Sequential element (spi1/dina_reg[5]) is unused and will be removed from module top.
WARNING: [Synth 8-3332] Sequential element (spi1/dina_reg[4]) is unused and will be removed from module top.
WARNING: [Synth 8-3332] Sequential element (spi1/dina_reg[3]) is unused and will be removed from module top.
WARNING: [Synth 8-3332] Sequential element (spi1/dina_reg[2]) is unused and will be removed from module top.
WARNING: [Synth 8-3332] Sequential element (spi1/dina_reg[1]) is unused and will be removed from module top.
WARNING: [Synth 8-3332] Sequential element (spi1/dina_reg[0]) is unused and will be removed from module top.
WARNING: [Synth 8-3332] Sequential element (spi1/frame_reg[15]) is unused and will be removed from module top.
WARNING: [Synth 8-3332] Sequential element (spi1/frame_reg[14]) is unused and will be removed from module top.
WARNING: [Synth 8-3332] Sequential element (spi1/frame_reg[13]) is unused and will be removed from module top.
WARNING: [Synth 8-3332] Sequential element (spi1/frame_reg[12]) is unused and will be removed from module top.
WARNING: [Synth 8-3332] Sequential element (spi1/frame_reg[11]) is unused and will be removed from module top.
WARNING: [Synth 8-3332] Sequential element (spi1/frame_reg[10]) is unused and will be removed from module top.
WARNING: [Synth 8-3332] Sequential element (spi1/frame_reg[9]) is unused and will be removed from module top.
WARNING: [Synth 8-3332] Sequential element (spi1/frame_reg[8]) is unused and will be removed from module top.
WARNING: [Synth 8-3332] Sequential element (spi1/frame_reg[7]) is unused and will be removed from module top.
WARNING: [Synth 8-3332] Sequential element (spi1/frame_reg[6]) is unused and will be removed from module top.
WARNING: [Synth 8-3332] Sequential element (spi1/frame_reg[5]) is unused and will be removed from module top.
WARNING: [Synth 8-3332] Sequential element (spi1/frame_reg[4]) is unused and will be removed from module top.
WARNING: [Synth 8-3332] Sequential element (spi1/frame_reg[3]) is unused and will be removed from module top.
WARNING: [Synth 8-3332] Sequential element (spi1/frame_reg[2]) is unused and will be removed from module top.
WARNING: [Synth 8-3332] Sequential element (spi1/frame_reg[1]) is unused and will be removed from module top.
WARNING: [Synth 8-3332] Sequential element (spi1/frame_reg[0]) is unused and will be removed from module top.
WARNING: [Synth 8-3332] Sequential element (spi1/new_frame_ready_reg) is unused and will be removed from module top.
WARNING: [Synth 8-3332] Sequential element (spi1/bit_number_reg[31]) is unused and will be removed from module top.
WARNING: [Synth 8-3332] Sequential element (spi1/bit_number_reg[30]) is unused and will be removed from module top.
WARNING: [Synth 8-3332] Sequential element (spi1/bit_number_reg[29]) is unused and will be removed from module top.
WARNING: [Synth 8-3332] Sequential element (spi1/bit_number_reg[28]) is unused and will be removed from module top.
WARNING: [Synth 8-3332] Sequential element (spi1/bit_number_reg[27]) is unused and will be removed from module top.
WARNING: [Synth 8-3332] Sequential element (spi1/bit_number_reg[26]) is unused and will be removed from module top.
WARNING: [Synth 8-3332] Sequential element (spi1/bit_number_reg[25]) is unused and will be removed from module top.
WARNING: [Synth 8-3332] Sequential element (spi1/bit_number_reg[24]) is unused and will be removed from module top.
WARNING: [Synth 8-3332] Sequential element (spi1/bit_number_reg[23]) is unused and will be removed from module top.
WARNING: [Synth 8-3332] Sequential element (spi1/bit_number_reg[22]) is unused and will be removed from module top.
WARNING: [Synth 8-3332] Sequential element (spi1/bit_number_reg[21]) is unused and will be removed from module top.
WARNING: [Synth 8-3332] Sequential element (spi1/bit_number_reg[20]) is unused and will be removed from module top.
WARNING: [Synth 8-3332] Sequential element (spi1/bit_number_reg[19]) is unused and will be removed from module top.
WARNING: [Synth 8-3332] Sequential element (spi1/bit_number_reg[18]) is unused and will be removed from module top.
WARNING: [Synth 8-3332] Sequential element (spi1/bit_number_reg[17]) is unused and will be removed from module top.
WARNING: [Synth 8-3332] Sequential element (spi1/bit_number_reg[16]) is unused and will be removed from module top.
WARNING: [Synth 8-3332] Sequential element (spi1/bit_number_reg[15]) is unused and will be removed from module top.
WARNING: [Synth 8-3332] Sequential element (spi1/bit_number_reg[14]) is unused and will be removed from module top.
WARNING: [Synth 8-3332] Sequential element (spi1/bit_number_reg[13]) is unused and will be removed from module top.
WARNING: [Synth 8-3332] Sequential element (spi1/bit_number_reg[12]) is unused and will be removed from module top.
WARNING: [Synth 8-3332] Sequential element (spi1/bit_number_reg[11]) is unused and will be removed from module top.
WARNING: [Synth 8-3332] Sequential element (spi1/bit_number_reg[10]) is unused and will be removed from module top.
WARNING: [Synth 8-3332] Sequential element (spi1/bit_number_reg[9]) is unused and will be removed from module top.
WARNING: [Synth 8-3332] Sequential element (spi1/bit_number_reg[8]) is unused and will be removed from module top.
WARNING: [Synth 8-3332] Sequential element (spi1/bit_number_reg[7]) is unused and will be removed from module top.
WARNING: [Synth 8-3332] Sequential element (spi1/bit_number_reg[6]) is unused and will be removed from module top.
WARNING: [Synth 8-3332] Sequential element (spi1/bit_number_reg[5]) is unused and will be removed from module top.
WARNING: [Synth 8-3332] Sequential element (spi1/bit_number_reg[4]) is unused and will be removed from module top.
WARNING: [Synth 8-3332] Sequential element (spi1/bit_number_reg[3]) is unused and will be removed from module top.
WARNING: [Synth 8-3332] Sequential element (spi1/bit_number_reg[2]) is unused and will be removed from module top.
WARNING: [Synth 8-3332] Sequential element (spi1/bit_number_reg[1]) is unused and will be removed from module top.
WARNING: [Synth 8-3332] Sequential element (spi1/bit_number_reg[0]) is unused and will be removed from module top.
WARNING: [Synth 8-3332] Sequential element (menu_reg[1]) is unused and will be removed from module image.
CRITICAL WARNING: [Synth 8-3352] multi-driven net Q with 1st driver pin 'image1/menu_reg[1]/Q' [D:/Documenten/Avans 2017-2018/Blok 8/Pong github/pong/FPGA/3d_pong/3d_pong.srcs/sources_1/new/image.vhd:518]
CRITICAL WARNING: [Synth 8-3352] multi-driven net Q with 2nd driver pin 'GND' [D:/Documenten/Avans 2017-2018/Blok 8/Pong github/pong/FPGA/3d_pong/3d_pong.srcs/sources_1/new/image.vhd:518]
CRITICAL WARNING: [Synth 8-5559] multi-driven net Q is connected to constant driver, other driver is ignored [D:/Documenten/Avans 2017-2018/Blok 8/Pong github/pong/FPGA/3d_pong/3d_pong.srcs/sources_1/new/image.vhd:518]
WARNING: [Synth 8-3332] Sequential element (menu_reg[0]) is unused and will be removed from module image.
CRITICAL WARNING: [Synth 8-3352] multi-driven net Q with 1st driver pin 'image1/menu_reg[0]/Q' [D:/Documenten/Avans 2017-2018/Blok 8/Pong github/pong/FPGA/3d_pong/3d_pong.srcs/sources_1/new/image.vhd:518]
CRITICAL WARNING: [Synth 8-3352] multi-driven net Q with 2nd driver pin 'GND' [D:/Documenten/Avans 2017-2018/Blok 8/Pong github/pong/FPGA/3d_pong/3d_pong.srcs/sources_1/new/image.vhd:518]
CRITICAL WARNING: [Synth 8-5559] multi-driven net Q is connected to constant driver, other driver is ignored [D:/Documenten/Avans 2017-2018/Blok 8/Pong github/pong/FPGA/3d_pong/3d_pong.srcs/sources_1/new/image.vhd:518]
WARNING: [Synth 8-3332] Sequential element (rball_reg[9]) is unused and will be removed from module image.
CRITICAL WARNING: [Synth 8-3352] multi-driven net Q with 1st driver pin 'image1/rball_reg[9]/Q' [D:/Documenten/Avans 2017-2018/Blok 8/Pong github/pong/FPGA/3d_pong/3d_pong.srcs/sources_1/new/image.vhd:514]
CRITICAL WARNING: [Synth 8-3352] multi-driven net Q with 2nd driver pin 'GND' [D:/Documenten/Avans 2017-2018/Blok 8/Pong github/pong/FPGA/3d_pong/3d_pong.srcs/sources_1/new/image.vhd:514]
CRITICAL WARNING: [Synth 8-5559] multi-driven net Q is connected to constant driver, other driver is ignored [D:/Documenten/Avans 2017-2018/Blok 8/Pong github/pong/FPGA/3d_pong/3d_pong.srcs/sources_1/new/image.vhd:514]
WARNING: [Synth 8-3332] Sequential element (rball_reg[8]) is unused and will be removed from module image.
CRITICAL WARNING: [Synth 8-3352] multi-driven net Q with 1st driver pin 'image1/rball_reg[8]/Q' [D:/Documenten/Avans 2017-2018/Blok 8/Pong github/pong/FPGA/3d_pong/3d_pong.srcs/sources_1/new/image.vhd:514]
CRITICAL WARNING: [Synth 8-3352] multi-driven net Q with 2nd driver pin 'GND' [D:/Documenten/Avans 2017-2018/Blok 8/Pong github/pong/FPGA/3d_pong/3d_pong.srcs/sources_1/new/image.vhd:514]
CRITICAL WARNING: [Synth 8-5559] multi-driven net Q is connected to constant driver, other driver is ignored [D:/Documenten/Avans 2017-2018/Blok 8/Pong github/pong/FPGA/3d_pong/3d_pong.srcs/sources_1/new/image.vhd:514]
WARNING: [Synth 8-3332] Sequential element (rball_reg[7]) is unused and will be removed from module image.
CRITICAL WARNING: [Synth 8-3352] multi-driven net Q with 1st driver pin 'image1/rball_reg[7]/Q' [D:/Documenten/Avans 2017-2018/Blok 8/Pong github/pong/FPGA/3d_pong/3d_pong.srcs/sources_1/new/image.vhd:514]
CRITICAL WARNING: [Synth 8-3352] multi-driven net Q with 2nd driver pin 'GND' [D:/Documenten/Avans 2017-2018/Blok 8/Pong github/pong/FPGA/3d_pong/3d_pong.srcs/sources_1/new/image.vhd:514]
CRITICAL WARNING: [Synth 8-5559] multi-driven net Q is connected to constant driver, other driver is ignored [D:/Documenten/Avans 2017-2018/Blok 8/Pong github/pong/FPGA/3d_pong/3d_pong.srcs/sources_1/new/image.vhd:514]
WARNING: [Synth 8-3332] Sequential element (rball_reg[6]) is unused and will be removed from module image.
CRITICAL WARNING: [Synth 8-3352] multi-driven net Q with 1st driver pin 'image1/rball_reg[6]/Q' [D:/Documenten/Avans 2017-2018/Blok 8/Pong github/pong/FPGA/3d_pong/3d_pong.srcs/sources_1/new/image.vhd:514]
CRITICAL WARNING: [Synth 8-3352] multi-driven net Q with 2nd driver pin 'GND' [D:/Documenten/Avans 2017-2018/Blok 8/Pong github/pong/FPGA/3d_pong/3d_pong.srcs/sources_1/new/image.vhd:514]
CRITICAL WARNING: [Synth 8-5559] multi-driven net Q is connected to constant driver, other driver is ignored [D:/Documenten/Avans 2017-2018/Blok 8/Pong github/pong/FPGA/3d_pong/3d_pong.srcs/sources_1/new/image.vhd:514]
WARNING: [Synth 8-3332] Sequential element (rball_reg[5]) is unused and will be removed from module image.
CRITICAL WARNING: [Synth 8-3352] multi-driven net Q with 1st driver pin 'image1/rball_reg[5]/Q' [D:/Documenten/Avans 2017-2018/Blok 8/Pong github/pong/FPGA/3d_pong/3d_pong.srcs/sources_1/new/image.vhd:514]
CRITICAL WARNING: [Synth 8-3352] multi-driven net Q with 2nd driver pin 'GND' [D:/Documenten/Avans 2017-2018/Blok 8/Pong github/pong/FPGA/3d_pong/3d_pong.srcs/sources_1/new/image.vhd:514]
CRITICAL WARNING: [Synth 8-5559] multi-driven net Q is connected to constant driver, other driver is ignored [D:/Documenten/Avans 2017-2018/Blok 8/Pong github/pong/FPGA/3d_pong/3d_pong.srcs/sources_1/new/image.vhd:514]
WARNING: [Synth 8-3332] Sequential element (rball_reg[4]) is unused and will be removed from module image.
CRITICAL WARNING: [Synth 8-3352] multi-driven net Q with 1st driver pin 'image1/rball_reg[4]/Q' [D:/Documenten/Avans 2017-2018/Blok 8/Pong github/pong/FPGA/3d_pong/3d_pong.srcs/sources_1/new/image.vhd:514]
CRITICAL WARNING: [Synth 8-3352] multi-driven net Q with 2nd driver pin 'GND' [D:/Documenten/Avans 2017-2018/Blok 8/Pong github/pong/FPGA/3d_pong/3d_pong.srcs/sources_1/new/image.vhd:514]
CRITICAL WARNING: [Synth 8-5559] multi-driven net Q is connected to constant driver, other driver is ignored [D:/Documenten/Avans 2017-2018/Blok 8/Pong github/pong/FPGA/3d_pong/3d_pong.srcs/sources_1/new/image.vhd:514]
WARNING: [Synth 8-3332] Sequential element (rball_reg[3]) is unused and will be removed from module image.
CRITICAL WARNING: [Synth 8-3352] multi-driven net Q with 1st driver pin 'image1/rball_reg[3]/Q' [D:/Documenten/Avans 2017-2018/Blok 8/Pong github/pong/FPGA/3d_pong/3d_pong.srcs/sources_1/new/image.vhd:514]
CRITICAL WARNING: [Synth 8-3352] multi-driven net Q with 2nd driver pin 'GND' [D:/Documenten/Avans 2017-2018/Blok 8/Pong github/pong/FPGA/3d_pong/3d_pong.srcs/sources_1/new/image.vhd:514]
CRITICAL WARNING: [Synth 8-5559] multi-driven net Q is connected to constant driver, other driver is ignored [D:/Documenten/Avans 2017-2018/Blok 8/Pong github/pong/FPGA/3d_pong/3d_pong.srcs/sources_1/new/image.vhd:514]
WARNING: [Synth 8-3332] Sequential element (rball_reg[2]) is unused and will be removed from module image.
CRITICAL WARNING: [Synth 8-3352] multi-driven net Q with 1st driver pin 'image1/rball_reg[2]/Q' [D:/Documenten/Avans 2017-2018/Blok 8/Pong github/pong/FPGA/3d_pong/3d_pong.srcs/sources_1/new/image.vhd:514]
CRITICAL WARNING: [Synth 8-3352] multi-driven net Q with 2nd driver pin 'GND' [D:/Documenten/Avans 2017-2018/Blok 8/Pong github/pong/FPGA/3d_pong/3d_pong.srcs/sources_1/new/image.vhd:514]
CRITICAL WARNING: [Synth 8-5559] multi-driven net Q is connected to constant driver, other driver is ignored [D:/Documenten/Avans 2017-2018/Blok 8/Pong github/pong/FPGA/3d_pong/3d_pong.srcs/sources_1/new/image.vhd:514]
WARNING: [Synth 8-3332] Sequential element (rball_reg[1]) is unused and will be removed from module image.
CRITICAL WARNING: [Synth 8-3352] multi-driven net Q with 1st driver pin 'image1/rball_reg[1]/Q' [D:/Documenten/Avans 2017-2018/Blok 8/Pong github/pong/FPGA/3d_pong/3d_pong.srcs/sources_1/new/image.vhd:514]
CRITICAL WARNING: [Synth 8-3352] multi-driven net Q with 2nd driver pin 'GND' [D:/Documenten/Avans 2017-2018/Blok 8/Pong github/pong/FPGA/3d_pong/3d_pong.srcs/sources_1/new/image.vhd:514]
CRITICAL WARNING: [Synth 8-5559] multi-driven net Q is connected to constant driver, other driver is ignored [D:/Documenten/Avans 2017-2018/Blok 8/Pong github/pong/FPGA/3d_pong/3d_pong.srcs/sources_1/new/image.vhd:514]
WARNING: [Synth 8-3332] Sequential element (rball_reg[0]) is unused and will be removed from module image.
CRITICAL WARNING: [Synth 8-3352] multi-driven net Q with 1st driver pin 'image1/rball_reg[0]/Q' [D:/Documenten/Avans 2017-2018/Blok 8/Pong github/pong/FPGA/3d_pong/3d_pong.srcs/sources_1/new/image.vhd:514]
CRITICAL WARNING: [Synth 8-3352] multi-driven net Q with 2nd driver pin 'GND' [D:/Documenten/Avans 2017-2018/Blok 8/Pong github/pong/FPGA/3d_pong/3d_pong.srcs/sources_1/new/image.vhd:514]
CRITICAL WARNING: [Synth 8-5559] multi-driven net Q is connected to constant driver, other driver is ignored [D:/Documenten/Avans 2017-2018/Blok 8/Pong github/pong/FPGA/3d_pong/3d_pong.srcs/sources_1/new/image.vhd:514]
WARNING: [Synth 8-3332] Sequential element (xball_reg[9]) is unused and will be removed from module image.
CRITICAL WARNING: [Synth 8-3352] multi-driven net Q with 1st driver pin 'image1/xball_reg[9]/Q' [D:/Documenten/Avans 2017-2018/Blok 8/Pong github/pong/FPGA/3d_pong/3d_pong.srcs/sources_1/new/image.vhd:515]
CRITICAL WARNING: [Synth 8-3352] multi-driven net Q with 2nd driver pin 'GND' [D:/Documenten/Avans 2017-2018/Blok 8/Pong github/pong/FPGA/3d_pong/3d_pong.srcs/sources_1/new/image.vhd:515]
CRITICAL WARNING: [Synth 8-5559] multi-driven net Q is connected to constant driver, other driver is ignored [D:/Documenten/Avans 2017-2018/Blok 8/Pong github/pong/FPGA/3d_pong/3d_pong.srcs/sources_1/new/image.vhd:515]
WARNING: [Synth 8-3332] Sequential element (xball_reg[8]) is unused and will be removed from module image.
CRITICAL WARNING: [Synth 8-3352] multi-driven net Q with 1st driver pin 'image1/xball_reg[8]/Q' [D:/Documenten/Avans 2017-2018/Blok 8/Pong github/pong/FPGA/3d_pong/3d_pong.srcs/sources_1/new/image.vhd:515]
CRITICAL WARNING: [Synth 8-3352] multi-driven net Q with 2nd driver pin 'GND' [D:/Documenten/Avans 2017-2018/Blok 8/Pong github/pong/FPGA/3d_pong/3d_pong.srcs/sources_1/new/image.vhd:515]
CRITICAL WARNING: [Synth 8-5559] multi-driven net Q is connected to constant driver, other driver is ignored [D:/Documenten/Avans 2017-2018/Blok 8/Pong github/pong/FPGA/3d_pong/3d_pong.srcs/sources_1/new/image.vhd:515]
WARNING: [Synth 8-3332] Sequential element (xball_reg[7]) is unused and will be removed from module image.
CRITICAL WARNING: [Synth 8-3352] multi-driven net Q with 1st driver pin 'image1/xball_reg[7]/Q' [D:/Documenten/Avans 2017-2018/Blok 8/Pong github/pong/FPGA/3d_pong/3d_pong.srcs/sources_1/new/image.vhd:515]
CRITICAL WARNING: [Synth 8-3352] multi-driven net Q with 2nd driver pin 'GND' [D:/Documenten/Avans 2017-2018/Blok 8/Pong github/pong/FPGA/3d_pong/3d_pong.srcs/sources_1/new/image.vhd:515]
CRITICAL WARNING: [Synth 8-5559] multi-driven net Q is connected to constant driver, other driver is ignored [D:/Documenten/Avans 2017-2018/Blok 8/Pong github/pong/FPGA/3d_pong/3d_pong.srcs/sources_1/new/image.vhd:515]
WARNING: [Synth 8-3332] Sequential element (xball_reg[6]) is unused and will be removed from module image.
CRITICAL WARNING: [Synth 8-3352] multi-driven net Q with 1st driver pin 'image1/xball_reg[6]/Q' [D:/Documenten/Avans 2017-2018/Blok 8/Pong github/pong/FPGA/3d_pong/3d_pong.srcs/sources_1/new/image.vhd:515]
CRITICAL WARNING: [Synth 8-3352] multi-driven net Q with 2nd driver pin 'GND' [D:/Documenten/Avans 2017-2018/Blok 8/Pong github/pong/FPGA/3d_pong/3d_pong.srcs/sources_1/new/image.vhd:515]
CRITICAL WARNING: [Synth 8-5559] multi-driven net Q is connected to constant driver, other driver is ignored [D:/Documenten/Avans 2017-2018/Blok 8/Pong github/pong/FPGA/3d_pong/3d_pong.srcs/sources_1/new/image.vhd:515]
WARNING: [Synth 8-3332] Sequential element (xball_reg[5]) is unused and will be removed from module image.
CRITICAL WARNING: [Synth 8-3352] multi-driven net Q with 1st driver pin 'image1/xball_reg[5]/Q' [D:/Documenten/Avans 2017-2018/Blok 8/Pong github/pong/FPGA/3d_pong/3d_pong.srcs/sources_1/new/image.vhd:515]
CRITICAL WARNING: [Synth 8-3352] multi-driven net Q with 2nd driver pin 'GND' [D:/Documenten/Avans 2017-2018/Blok 8/Pong github/pong/FPGA/3d_pong/3d_pong.srcs/sources_1/new/image.vhd:515]
CRITICAL WARNING: [Synth 8-5559] multi-driven net Q is connected to constant driver, other driver is ignored [D:/Documenten/Avans 2017-2018/Blok 8/Pong github/pong/FPGA/3d_pong/3d_pong.srcs/sources_1/new/image.vhd:515]
WARNING: [Synth 8-3332] Sequential element (xball_reg[4]) is unused and will be removed from module image.
CRITICAL WARNING: [Synth 8-3352] multi-driven net Q with 1st driver pin 'image1/xball_reg[4]/Q' [D:/Documenten/Avans 2017-2018/Blok 8/Pong github/pong/FPGA/3d_pong/3d_pong.srcs/sources_1/new/image.vhd:515]
CRITICAL WARNING: [Synth 8-3352] multi-driven net Q with 2nd driver pin 'GND' [D:/Documenten/Avans 2017-2018/Blok 8/Pong github/pong/FPGA/3d_pong/3d_pong.srcs/sources_1/new/image.vhd:515]
CRITICAL WARNING: [Synth 8-5559] multi-driven net Q is connected to constant driver, other driver is ignored [D:/Documenten/Avans 2017-2018/Blok 8/Pong github/pong/FPGA/3d_pong/3d_pong.srcs/sources_1/new/image.vhd:515]
WARNING: [Synth 8-3332] Sequential element (xball_reg[3]) is unused and will be removed from module image.
CRITICAL WARNING: [Synth 8-3352] multi-driven net Q with 1st driver pin 'image1/xball_reg[3]/Q' [D:/Documenten/Avans 2017-2018/Blok 8/Pong github/pong/FPGA/3d_pong/3d_pong.srcs/sources_1/new/image.vhd:515]
CRITICAL WARNING: [Synth 8-3352] multi-driven net Q with 2nd driver pin 'GND' [D:/Documenten/Avans 2017-2018/Blok 8/Pong github/pong/FPGA/3d_pong/3d_pong.srcs/sources_1/new/image.vhd:515]
CRITICAL WARNING: [Synth 8-5559] multi-driven net Q is connected to constant driver, other driver is ignored [D:/Documenten/Avans 2017-2018/Blok 8/Pong github/pong/FPGA/3d_pong/3d_pong.srcs/sources_1/new/image.vhd:515]
WARNING: [Synth 8-3332] Sequential element (xball_reg[2]) is unused and will be removed from module image.
CRITICAL WARNING: [Synth 8-3352] multi-driven net Q with 1st driver pin 'image1/xball_reg[2]/Q' [D:/Documenten/Avans 2017-2018/Blok 8/Pong github/pong/FPGA/3d_pong/3d_pong.srcs/sources_1/new/image.vhd:515]
CRITICAL WARNING: [Synth 8-3352] multi-driven net Q with 2nd driver pin 'GND' [D:/Documenten/Avans 2017-2018/Blok 8/Pong github/pong/FPGA/3d_pong/3d_pong.srcs/sources_1/new/image.vhd:515]
CRITICAL WARNING: [Synth 8-5559] multi-driven net Q is connected to constant driver, other driver is ignored [D:/Documenten/Avans 2017-2018/Blok 8/Pong github/pong/FPGA/3d_pong/3d_pong.srcs/sources_1/new/image.vhd:515]
WARNING: [Synth 8-3332] Sequential element (xball_reg[1]) is unused and will be removed from module image.
CRITICAL WARNING: [Synth 8-3352] multi-driven net Q with 1st driver pin 'image1/xball_reg[1]/Q' [D:/Documenten/Avans 2017-2018/Blok 8/Pong github/pong/FPGA/3d_pong/3d_pong.srcs/sources_1/new/image.vhd:515]
CRITICAL WARNING: [Synth 8-3352] multi-driven net Q with 2nd driver pin 'GND' [D:/Documenten/Avans 2017-2018/Blok 8/Pong github/pong/FPGA/3d_pong/3d_pong.srcs/sources_1/new/image.vhd:515]
CRITICAL WARNING: [Synth 8-5559] multi-driven net Q is connected to constant driver, other driver is ignored [D:/Documenten/Avans 2017-2018/Blok 8/Pong github/pong/FPGA/3d_pong/3d_pong.srcs/sources_1/new/image.vhd:515]
WARNING: [Synth 8-3332] Sequential element (xball_reg[0]) is unused and will be removed from module image.
CRITICAL WARNING: [Synth 8-3352] multi-driven net Q with 1st driver pin 'image1/xball_reg[0]/Q' [D:/Documenten/Avans 2017-2018/Blok 8/Pong github/pong/FPGA/3d_pong/3d_pong.srcs/sources_1/new/image.vhd:515]
CRITICAL WARNING: [Synth 8-3352] multi-driven net Q with 2nd driver pin 'GND' [D:/Documenten/Avans 2017-2018/Blok 8/Pong github/pong/FPGA/3d_pong/3d_pong.srcs/sources_1/new/image.vhd:515]
CRITICAL WARNING: [Synth 8-5559] multi-driven net Q is connected to constant driver, other driver is ignored [D:/Documenten/Avans 2017-2018/Blok 8/Pong github/pong/FPGA/3d_pong/3d_pong.srcs/sources_1/new/image.vhd:515]
WARNING: [Synth 8-3332] Sequential element (yball_reg[9]) is unused and will be removed from module image.
CRITICAL WARNING: [Synth 8-3352] multi-driven net Q with 1st driver pin 'image1/yball_reg[9]/Q' [D:/Documenten/Avans 2017-2018/Blok 8/Pong github/pong/FPGA/3d_pong/3d_pong.srcs/sources_1/new/image.vhd:516]
CRITICAL WARNING: [Synth 8-3352] multi-driven net Q with 2nd driver pin 'GND' [D:/Documenten/Avans 2017-2018/Blok 8/Pong github/pong/FPGA/3d_pong/3d_pong.srcs/sources_1/new/image.vhd:516]
CRITICAL WARNING: [Synth 8-5559] multi-driven net Q is connected to constant driver, other driver is ignored [D:/Documenten/Avans 2017-2018/Blok 8/Pong github/pong/FPGA/3d_pong/3d_pong.srcs/sources_1/new/image.vhd:516]
WARNING: [Synth 8-3332] Sequential element (yball_reg[8]) is unused and will be removed from module image.
CRITICAL WARNING: [Synth 8-3352] multi-driven net Q with 1st driver pin 'image1/yball_reg[8]/Q' [D:/Documenten/Avans 2017-2018/Blok 8/Pong github/pong/FPGA/3d_pong/3d_pong.srcs/sources_1/new/image.vhd:516]
CRITICAL WARNING: [Synth 8-3352] multi-driven net Q with 2nd driver pin 'GND' [D:/Documenten/Avans 2017-2018/Blok 8/Pong github/pong/FPGA/3d_pong/3d_pong.srcs/sources_1/new/image.vhd:516]
CRITICAL WARNING: [Synth 8-5559] multi-driven net Q is connected to constant driver, other driver is ignored [D:/Documenten/Avans 2017-2018/Blok 8/Pong github/pong/FPGA/3d_pong/3d_pong.srcs/sources_1/new/image.vhd:516]
WARNING: [Synth 8-3332] Sequential element (yball_reg[7]) is unused and will be removed from module image.
CRITICAL WARNING: [Synth 8-3352] multi-driven net Q with 1st driver pin 'image1/yball_reg[7]/Q' [D:/Documenten/Avans 2017-2018/Blok 8/Pong github/pong/FPGA/3d_pong/3d_pong.srcs/sources_1/new/image.vhd:516]
CRITICAL WARNING: [Synth 8-3352] multi-driven net Q with 2nd driver pin 'GND' [D:/Documenten/Avans 2017-2018/Blok 8/Pong github/pong/FPGA/3d_pong/3d_pong.srcs/sources_1/new/image.vhd:516]
CRITICAL WARNING: [Synth 8-5559] multi-driven net Q is connected to constant driver, other driver is ignored [D:/Documenten/Avans 2017-2018/Blok 8/Pong github/pong/FPGA/3d_pong/3d_pong.srcs/sources_1/new/image.vhd:516]
WARNING: [Synth 8-3332] Sequential element (yball_reg[6]) is unused and will be removed from module image.
CRITICAL WARNING: [Synth 8-3352] multi-driven net Q with 1st driver pin 'image1/yball_reg[6]/Q' [D:/Documenten/Avans 2017-2018/Blok 8/Pong github/pong/FPGA/3d_pong/3d_pong.srcs/sources_1/new/image.vhd:516]
CRITICAL WARNING: [Synth 8-3352] multi-driven net Q with 2nd driver pin 'GND' [D:/Documenten/Avans 2017-2018/Blok 8/Pong github/pong/FPGA/3d_pong/3d_pong.srcs/sources_1/new/image.vhd:516]
CRITICAL WARNING: [Synth 8-5559] multi-driven net Q is connected to constant driver, other driver is ignored [D:/Documenten/Avans 2017-2018/Blok 8/Pong github/pong/FPGA/3d_pong/3d_pong.srcs/sources_1/new/image.vhd:516]
WARNING: [Synth 8-3332] Sequential element (yball_reg[5]) is unused and will be removed from module image.
CRITICAL WARNING: [Synth 8-3352] multi-driven net Q with 1st driver pin 'image1/yball_reg[5]/Q' [D:/Documenten/Avans 2017-2018/Blok 8/Pong github/pong/FPGA/3d_pong/3d_pong.srcs/sources_1/new/image.vhd:516]
CRITICAL WARNING: [Synth 8-3352] multi-driven net Q with 2nd driver pin 'GND' [D:/Documenten/Avans 2017-2018/Blok 8/Pong github/pong/FPGA/3d_pong/3d_pong.srcs/sources_1/new/image.vhd:516]
CRITICAL WARNING: [Synth 8-5559] multi-driven net Q is connected to constant driver, other driver is ignored [D:/Documenten/Avans 2017-2018/Blok 8/Pong github/pong/FPGA/3d_pong/3d_pong.srcs/sources_1/new/image.vhd:516]
WARNING: [Synth 8-3332] Sequential element (yball_reg[4]) is unused and will be removed from module image.
CRITICAL WARNING: [Synth 8-3352] multi-driven net Q with 1st driver pin 'image1/yball_reg[4]/Q' [D:/Documenten/Avans 2017-2018/Blok 8/Pong github/pong/FPGA/3d_pong/3d_pong.srcs/sources_1/new/image.vhd:516]
CRITICAL WARNING: [Synth 8-3352] multi-driven net Q with 2nd driver pin 'GND' [D:/Documenten/Avans 2017-2018/Blok 8/Pong github/pong/FPGA/3d_pong/3d_pong.srcs/sources_1/new/image.vhd:516]
CRITICAL WARNING: [Synth 8-5559] multi-driven net Q is connected to constant driver, other driver is ignored [D:/Documenten/Avans 2017-2018/Blok 8/Pong github/pong/FPGA/3d_pong/3d_pong.srcs/sources_1/new/image.vhd:516]
WARNING: [Synth 8-3332] Sequential element (yball_reg[3]) is unused and will be removed from module image.
CRITICAL WARNING: [Synth 8-3352] multi-driven net Q with 1st driver pin 'image1/yball_reg[3]/Q' [D:/Documenten/Avans 2017-2018/Blok 8/Pong github/pong/FPGA/3d_pong/3d_pong.srcs/sources_1/new/image.vhd:516]
CRITICAL WARNING: [Synth 8-3352] multi-driven net Q with 2nd driver pin 'GND' [D:/Documenten/Avans 2017-2018/Blok 8/Pong github/pong/FPGA/3d_pong/3d_pong.srcs/sources_1/new/image.vhd:516]
CRITICAL WARNING: [Synth 8-5559] multi-driven net Q is connected to constant driver, other driver is ignored [D:/Documenten/Avans 2017-2018/Blok 8/Pong github/pong/FPGA/3d_pong/3d_pong.srcs/sources_1/new/image.vhd:516]
WARNING: [Synth 8-3332] Sequential element (yball_reg[2]) is unused and will be removed from module image.
CRITICAL WARNING: [Synth 8-3352] multi-driven net Q with 1st driver pin 'image1/yball_reg[2]/Q' [D:/Documenten/Avans 2017-2018/Blok 8/Pong github/pong/FPGA/3d_pong/3d_pong.srcs/sources_1/new/image.vhd:516]
CRITICAL WARNING: [Synth 8-3352] multi-driven net Q with 2nd driver pin 'GND' [D:/Documenten/Avans 2017-2018/Blok 8/Pong github/pong/FPGA/3d_pong/3d_pong.srcs/sources_1/new/image.vhd:516]
CRITICAL WARNING: [Synth 8-5559] multi-driven net Q is connected to constant driver, other driver is ignored [D:/Documenten/Avans 2017-2018/Blok 8/Pong github/pong/FPGA/3d_pong/3d_pong.srcs/sources_1/new/image.vhd:516]
WARNING: [Synth 8-3332] Sequential element (yball_reg[1]) is unused and will be removed from module image.
CRITICAL WARNING: [Synth 8-3352] multi-driven net Q with 1st driver pin 'image1/yball_reg[1]/Q' [D:/Documenten/Avans 2017-2018/Blok 8/Pong github/pong/FPGA/3d_pong/3d_pong.srcs/sources_1/new/image.vhd:516]
CRITICAL WARNING: [Synth 8-3352] multi-driven net Q with 2nd driver pin 'GND' [D:/Documenten/Avans 2017-2018/Blok 8/Pong github/pong/FPGA/3d_pong/3d_pong.srcs/sources_1/new/image.vhd:516]
CRITICAL WARNING: [Synth 8-5559] multi-driven net Q is connected to constant driver, other driver is ignored [D:/Documenten/Avans 2017-2018/Blok 8/Pong github/pong/FPGA/3d_pong/3d_pong.srcs/sources_1/new/image.vhd:516]
WARNING: [Synth 8-3332] Sequential element (yball_reg[0]) is unused and will be removed from module image.
CRITICAL WARNING: [Synth 8-3352] multi-driven net Q with 1st driver pin 'image1/yball_reg[0]/Q' [D:/Documenten/Avans 2017-2018/Blok 8/Pong github/pong/FPGA/3d_pong/3d_pong.srcs/sources_1/new/image.vhd:516]
CRITICAL WARNING: [Synth 8-3352] multi-driven net Q with 2nd driver pin 'GND' [D:/Documenten/Avans 2017-2018/Blok 8/Pong github/pong/FPGA/3d_pong/3d_pong.srcs/sources_1/new/image.vhd:516]
CRITICAL WARNING: [Synth 8-5559] multi-driven net Q is connected to constant driver, other driver is ignored [D:/Documenten/Avans 2017-2018/Blok 8/Pong github/pong/FPGA/3d_pong/3d_pong.srcs/sources_1/new/image.vhd:516]
WARNING: [Synth 8-3332] Sequential element (yb1_reg[9]) is unused and will be removed from module image.
CRITICAL WARNING: [Synth 8-3352] multi-driven net Q with 1st driver pin 'image1/yb1_reg[9]/Q' [D:/Documenten/Avans 2017-2018/Blok 8/Pong github/pong/FPGA/3d_pong/3d_pong.srcs/sources_1/new/image.vhd:513]
CRITICAL WARNING: [Synth 8-3352] multi-driven net Q with 2nd driver pin 'GND' [D:/Documenten/Avans 2017-2018/Blok 8/Pong github/pong/FPGA/3d_pong/3d_pong.srcs/sources_1/new/image.vhd:513]
CRITICAL WARNING: [Synth 8-5559] multi-driven net Q is connected to constant driver, other driver is ignored [D:/Documenten/Avans 2017-2018/Blok 8/Pong github/pong/FPGA/3d_pong/3d_pong.srcs/sources_1/new/image.vhd:513]
WARNING: [Synth 8-3332] Sequential element (yb1_reg[8]) is unused and will be removed from module image.
CRITICAL WARNING: [Synth 8-3352] multi-driven net Q with 1st driver pin 'image1/yb1_reg[8]/Q' [D:/Documenten/Avans 2017-2018/Blok 8/Pong github/pong/FPGA/3d_pong/3d_pong.srcs/sources_1/new/image.vhd:513]
CRITICAL WARNING: [Synth 8-3352] multi-driven net Q with 2nd driver pin 'GND' [D:/Documenten/Avans 2017-2018/Blok 8/Pong github/pong/FPGA/3d_pong/3d_pong.srcs/sources_1/new/image.vhd:513]
CRITICAL WARNING: [Synth 8-5559] multi-driven net Q is connected to constant driver, other driver is ignored [D:/Documenten/Avans 2017-2018/Blok 8/Pong github/pong/FPGA/3d_pong/3d_pong.srcs/sources_1/new/image.vhd:513]
WARNING: [Synth 8-3332] Sequential element (yb1_reg[7]) is unused and will be removed from module image.
CRITICAL WARNING: [Synth 8-3352] multi-driven net Q with 1st driver pin 'image1/yb1_reg[7]/Q' [D:/Documenten/Avans 2017-2018/Blok 8/Pong github/pong/FPGA/3d_pong/3d_pong.srcs/sources_1/new/image.vhd:513]
CRITICAL WARNING: [Synth 8-3352] multi-driven net Q with 2nd driver pin 'VCC' [D:/Documenten/Avans 2017-2018/Blok 8/Pong github/pong/FPGA/3d_pong/3d_pong.srcs/sources_1/new/image.vhd:513]
CRITICAL WARNING: [Synth 8-5559] multi-driven net Q is connected to constant driver, other driver is ignored [D:/Documenten/Avans 2017-2018/Blok 8/Pong github/pong/FPGA/3d_pong/3d_pong.srcs/sources_1/new/image.vhd:513]
WARNING: [Synth 8-3332] Sequential element (yb1_reg[6]) is unused and will be removed from module image.
INFO: [Common 17-14] Message 'Synth 8-3332' appears 100 times and further instances of the messages will be disabled. Use the Tcl command set_msg_config to change the current settings.
CRITICAL WARNING: [Synth 8-3352] multi-driven net Q with 1st driver pin 'image1/yb1_reg[6]/Q' [D:/Documenten/Avans 2017-2018/Blok 8/Pong github/pong/FPGA/3d_pong/3d_pong.srcs/sources_1/new/image.vhd:513]
CRITICAL WARNING: [Synth 8-3352] multi-driven net Q with 2nd driver pin 'GND' [D:/Documenten/Avans 2017-2018/Blok 8/Pong github/pong/FPGA/3d_pong/3d_pong.srcs/sources_1/new/image.vhd:513]
CRITICAL WARNING: [Synth 8-5559] multi-driven net Q is connected to constant driver, other driver is ignored [D:/Documenten/Avans 2017-2018/Blok 8/Pong github/pong/FPGA/3d_pong/3d_pong.srcs/sources_1/new/image.vhd:513]
CRITICAL WARNING: [Synth 8-3352] multi-driven net Q with 1st driver pin 'image1/yb1_reg[5]/Q' [D:/Documenten/Avans 2017-2018/Blok 8/Pong github/pong/FPGA/3d_pong/3d_pong.srcs/sources_1/new/image.vhd:513]
CRITICAL WARNING: [Synth 8-3352] multi-driven net Q with 2nd driver pin 'VCC' [D:/Documenten/Avans 2017-2018/Blok 8/Pong github/pong/FPGA/3d_pong/3d_pong.srcs/sources_1/new/image.vhd:513]
CRITICAL WARNING: [Synth 8-5559] multi-driven net Q is connected to constant driver, other driver is ignored [D:/Documenten/Avans 2017-2018/Blok 8/Pong github/pong/FPGA/3d_pong/3d_pong.srcs/sources_1/new/image.vhd:513]
CRITICAL WARNING: [Synth 8-3352] multi-driven net Q with 1st driver pin 'image1/yb1_reg[4]/Q' [D:/Documenten/Avans 2017-2018/Blok 8/Pong github/pong/FPGA/3d_pong/3d_pong.srcs/sources_1/new/image.vhd:513]
CRITICAL WARNING: [Synth 8-3352] multi-driven net Q with 2nd driver pin 'VCC' [D:/Documenten/Avans 2017-2018/Blok 8/Pong github/pong/FPGA/3d_pong/3d_pong.srcs/sources_1/new/image.vhd:513]
CRITICAL WARNING: [Synth 8-5559] multi-driven net Q is connected to constant driver, other driver is ignored [D:/Documenten/Avans 2017-2018/Blok 8/Pong github/pong/FPGA/3d_pong/3d_pong.srcs/sources_1/new/image.vhd:513]
CRITICAL WARNING: [Synth 8-3352] multi-driven net Q with 1st driver pin 'image1/yb1_reg[3]/Q' [D:/Documenten/Avans 2017-2018/Blok 8/Pong github/pong/FPGA/3d_pong/3d_pong.srcs/sources_1/new/image.vhd:513]
CRITICAL WARNING: [Synth 8-3352] multi-driven net Q with 2nd driver pin 'VCC' [D:/Documenten/Avans 2017-2018/Blok 8/Pong github/pong/FPGA/3d_pong/3d_pong.srcs/sources_1/new/image.vhd:513]
CRITICAL WARNING: [Synth 8-5559] multi-driven net Q is connected to constant driver, other driver is ignored [D:/Documenten/Avans 2017-2018/Blok 8/Pong github/pong/FPGA/3d_pong/3d_pong.srcs/sources_1/new/image.vhd:513]
CRITICAL WARNING: [Synth 8-3352] multi-driven net Q with 1st driver pin 'image1/yb1_reg[2]/Q' [D:/Documenten/Avans 2017-2018/Blok 8/Pong github/pong/FPGA/3d_pong/3d_pong.srcs/sources_1/new/image.vhd:513]
CRITICAL WARNING: [Synth 8-3352] multi-driven net Q with 2nd driver pin 'GND' [D:/Documenten/Avans 2017-2018/Blok 8/Pong github/pong/FPGA/3d_pong/3d_pong.srcs/sources_1/new/image.vhd:513]
CRITICAL WARNING: [Synth 8-5559] multi-driven net Q is connected to constant driver, other driver is ignored [D:/Documenten/Avans 2017-2018/Blok 8/Pong github/pong/FPGA/3d_pong/3d_pong.srcs/sources_1/new/image.vhd:513]
CRITICAL WARNING: [Synth 8-3352] multi-driven net Q with 1st driver pin 'image1/yb1_reg[1]/Q' [D:/Documenten/Avans 2017-2018/Blok 8/Pong github/pong/FPGA/3d_pong/3d_pong.srcs/sources_1/new/image.vhd:513]
CRITICAL WARNING: [Synth 8-3352] multi-driven net Q with 2nd driver pin 'VCC' [D:/Documenten/Avans 2017-2018/Blok 8/Pong github/pong/FPGA/3d_pong/3d_pong.srcs/sources_1/new/image.vhd:513]
CRITICAL WARNING: [Synth 8-5559] multi-driven net Q is connected to constant driver, other driver is ignored [D:/Documenten/Avans 2017-2018/Blok 8/Pong github/pong/FPGA/3d_pong/3d_pong.srcs/sources_1/new/image.vhd:513]
CRITICAL WARNING: [Synth 8-3352] multi-driven net Q with 1st driver pin 'image1/yb1_reg[0]/Q' [D:/Documenten/Avans 2017-2018/Blok 8/Pong github/pong/FPGA/3d_pong/3d_pong.srcs/sources_1/new/image.vhd:513]
CRITICAL WARNING: [Synth 8-3352] multi-driven net Q with 2nd driver pin 'GND' [D:/Documenten/Avans 2017-2018/Blok 8/Pong github/pong/FPGA/3d_pong/3d_pong.srcs/sources_1/new/image.vhd:513]
CRITICAL WARNING: [Synth 8-5559] multi-driven net Q is connected to constant driver, other driver is ignored [D:/Documenten/Avans 2017-2018/Blok 8/Pong github/pong/FPGA/3d_pong/3d_pong.srcs/sources_1/new/image.vhd:513]
CRITICAL WARNING: [Synth 8-3352] multi-driven net Q with 1st driver pin 'image1/score1_reg[4]/Q' [D:/Documenten/Avans 2017-2018/Blok 8/Pong github/pong/FPGA/3d_pong/3d_pong.srcs/sources_1/new/image.vhd:520]
CRITICAL WARNING: [Synth 8-3352] multi-driven net Q with 2nd driver pin 'GND' [D:/Documenten/Avans 2017-2018/Blok 8/Pong github/pong/FPGA/3d_pong/3d_pong.srcs/sources_1/new/image.vhd:520]
CRITICAL WARNING: [Synth 8-5559] multi-driven net Q is connected to constant driver, other driver is ignored [D:/Documenten/Avans 2017-2018/Blok 8/Pong github/pong/FPGA/3d_pong/3d_pong.srcs/sources_1/new/image.vhd:520]
CRITICAL WARNING: [Synth 8-3352] multi-driven net Q with 1st driver pin 'image1/score1_reg[3]/Q' [D:/Documenten/Avans 2017-2018/Blok 8/Pong github/pong/FPGA/3d_pong/3d_pong.srcs/sources_1/new/image.vhd:520]
CRITICAL WARNING: [Synth 8-3352] multi-driven net Q with 2nd driver pin 'GND' [D:/Documenten/Avans 2017-2018/Blok 8/Pong github/pong/FPGA/3d_pong/3d_pong.srcs/sources_1/new/image.vhd:520]
CRITICAL WARNING: [Synth 8-5559] multi-driven net Q is connected to constant driver, other driver is ignored [D:/Documenten/Avans 2017-2018/Blok 8/Pong github/pong/FPGA/3d_pong/3d_pong.srcs/sources_1/new/image.vhd:520]
CRITICAL WARNING: [Synth 8-3352] multi-driven net Q with 1st driver pin 'image1/score1_reg[2]/Q' [D:/Documenten/Avans 2017-2018/Blok 8/Pong github/pong/FPGA/3d_pong/3d_pong.srcs/sources_1/new/image.vhd:520]
CRITICAL WARNING: [Synth 8-3352] multi-driven net Q with 2nd driver pin 'VCC' [D:/Documenten/Avans 2017-2018/Blok 8/Pong github/pong/FPGA/3d_pong/3d_pong.srcs/sources_1/new/image.vhd:520]
CRITICAL WARNING: [Synth 8-5559] multi-driven net Q is connected to constant driver, other driver is ignored [D:/Documenten/Avans 2017-2018/Blok 8/Pong github/pong/FPGA/3d_pong/3d_pong.srcs/sources_1/new/image.vhd:520]
CRITICAL WARNING: [Synth 8-3352] multi-driven net Q with 1st driver pin 'image1/score1_reg[1]/Q' [D:/Documenten/Avans 2017-2018/Blok 8/Pong github/pong/FPGA/3d_pong/3d_pong.srcs/sources_1/new/image.vhd:520]
CRITICAL WARNING: [Synth 8-3352] multi-driven net Q with 2nd driver pin 'VCC' [D:/Documenten/Avans 2017-2018/Blok 8/Pong github/pong/FPGA/3d_pong/3d_pong.srcs/sources_1/new/image.vhd:520]
CRITICAL WARNING: [Synth 8-5559] multi-driven net Q is connected to constant driver, other driver is ignored [D:/Documenten/Avans 2017-2018/Blok 8/Pong github/pong/FPGA/3d_pong/3d_pong.srcs/sources_1/new/image.vhd:520]
CRITICAL WARNING: [Synth 8-3352] multi-driven net Q with 1st driver pin 'image1/score1_reg[0]/Q' [D:/Documenten/Avans 2017-2018/Blok 8/Pong github/pong/FPGA/3d_pong/3d_pong.srcs/sources_1/new/image.vhd:520]
CRITICAL WARNING: [Synth 8-3352] multi-driven net Q with 2nd driver pin 'VCC' [D:/Documenten/Avans 2017-2018/Blok 8/Pong github/pong/FPGA/3d_pong/3d_pong.srcs/sources_1/new/image.vhd:520]
CRITICAL WARNING: [Synth 8-5559] multi-driven net Q is connected to constant driver, other driver is ignored [D:/Documenten/Avans 2017-2018/Blok 8/Pong github/pong/FPGA/3d_pong/3d_pong.srcs/sources_1/new/image.vhd:520]
CRITICAL WARNING: [Synth 8-3352] multi-driven net Q with 1st driver pin 'image1/spelmod_reg[1]/Q' [D:/Documenten/Avans 2017-2018/Blok 8/Pong github/pong/FPGA/3d_pong/3d_pong.srcs/sources_1/new/image.vhd:517]
CRITICAL WARNING: [Synth 8-3352] multi-driven net Q with 2nd driver pin 'GND' [D:/Documenten/Avans 2017-2018/Blok 8/Pong github/pong/FPGA/3d_pong/3d_pong.srcs/sources_1/new/image.vhd:517]
CRITICAL WARNING: [Synth 8-5559] multi-driven net Q is connected to constant driver, other driver is ignored [D:/Documenten/Avans 2017-2018/Blok 8/Pong github/pong/FPGA/3d_pong/3d_pong.srcs/sources_1/new/image.vhd:517]
CRITICAL WARNING: [Synth 8-3352] multi-driven net Q with 1st driver pin 'image1/spelmod_reg[0]/Q' [D:/Documenten/Avans 2017-2018/Blok 8/Pong github/pong/FPGA/3d_pong/3d_pong.srcs/sources_1/new/image.vhd:517]
CRITICAL WARNING: [Synth 8-3352] multi-driven net Q with 2nd driver pin 'VCC' [D:/Documenten/Avans 2017-2018/Blok 8/Pong github/pong/FPGA/3d_pong/3d_pong.srcs/sources_1/new/image.vhd:517]
CRITICAL WARNING: [Synth 8-5559] multi-driven net Q is connected to constant driver, other driver is ignored [D:/Documenten/Avans 2017-2018/Blok 8/Pong github/pong/FPGA/3d_pong/3d_pong.srcs/sources_1/new/image.vhd:517]
CRITICAL WARNING: [Synth 8-3352] multi-driven net Q with 1st driver pin 'image1/xb2raw_reg[9]/Q' [D:/Documenten/Avans 2017-2018/Blok 8/Pong github/pong/FPGA/3d_pong/3d_pong.srcs/sources_1/new/image.vhd:511]
CRITICAL WARNING: [Synth 8-3352] multi-driven net Q with 2nd driver pin 'GND' [D:/Documenten/Avans 2017-2018/Blok 8/Pong github/pong/FPGA/3d_pong/3d_pong.srcs/sources_1/new/image.vhd:511]
INFO: [Common 17-14] Message 'Synth 8-3352' appears 100 times and further instances of the messages will be disabled. Use the Tcl command set_msg_config to change the current settings.
CRITICAL WARNING: [Synth 8-5559] multi-driven net Q is connected to constant driver, other driver is ignored [D:/Documenten/Avans 2017-2018/Blok 8/Pong github/pong/FPGA/3d_pong/3d_pong.srcs/sources_1/new/image.vhd:511]
CRITICAL WARNING: [Synth 8-5559] multi-driven net Q is connected to constant driver, other driver is ignored [D:/Documenten/Avans 2017-2018/Blok 8/Pong github/pong/FPGA/3d_pong/3d_pong.srcs/sources_1/new/image.vhd:511]
CRITICAL WARNING: [Synth 8-5559] multi-driven net Q is connected to constant driver, other driver is ignored [D:/Documenten/Avans 2017-2018/Blok 8/Pong github/pong/FPGA/3d_pong/3d_pong.srcs/sources_1/new/image.vhd:511]
CRITICAL WARNING: [Synth 8-5559] multi-driven net Q is connected to constant driver, other driver is ignored [D:/Documenten/Avans 2017-2018/Blok 8/Pong github/pong/FPGA/3d_pong/3d_pong.srcs/sources_1/new/image.vhd:511]
CRITICAL WARNING: [Synth 8-5559] multi-driven net Q is connected to constant driver, other driver is ignored [D:/Documenten/Avans 2017-2018/Blok 8/Pong github/pong/FPGA/3d_pong/3d_pong.srcs/sources_1/new/image.vhd:511]
CRITICAL WARNING: [Synth 8-5559] multi-driven net Q is connected to constant driver, other driver is ignored [D:/Documenten/Avans 2017-2018/Blok 8/Pong github/pong/FPGA/3d_pong/3d_pong.srcs/sources_1/new/image.vhd:511]
CRITICAL WARNING: [Synth 8-5559] multi-driven net Q is connected to constant driver, other driver is ignored [D:/Documenten/Avans 2017-2018/Blok 8/Pong github/pong/FPGA/3d_pong/3d_pong.srcs/sources_1/new/image.vhd:511]
CRITICAL WARNING: [Synth 8-5559] multi-driven net Q is connected to constant driver, other driver is ignored [D:/Documenten/Avans 2017-2018/Blok 8/Pong github/pong/FPGA/3d_pong/3d_pong.srcs/sources_1/new/image.vhd:511]
CRITICAL WARNING: [Synth 8-5559] multi-driven net Q is connected to constant driver, other driver is ignored [D:/Documenten/Avans 2017-2018/Blok 8/Pong github/pong/FPGA/3d_pong/3d_pong.srcs/sources_1/new/image.vhd:511]
CRITICAL WARNING: [Synth 8-5559] multi-driven net Q is connected to constant driver, other driver is ignored [D:/Documenten/Avans 2017-2018/Blok 8/Pong github/pong/FPGA/3d_pong/3d_pong.srcs/sources_1/new/image.vhd:511]
CRITICAL WARNING: [Synth 8-5559] multi-driven net Q is connected to constant driver, other driver is ignored [D:/Documenten/Avans 2017-2018/Blok 8/Pong github/pong/FPGA/3d_pong/3d_pong.srcs/sources_1/new/image.vhd:512]
CRITICAL WARNING: [Synth 8-5559] multi-driven net Q is connected to constant driver, other driver is ignored [D:/Documenten/Avans 2017-2018/Blok 8/Pong github/pong/FPGA/3d_pong/3d_pong.srcs/sources_1/new/image.vhd:512]
CRITICAL WARNING: [Synth 8-5559] multi-driven net Q is connected to constant driver, other driver is ignored [D:/Documenten/Avans 2017-2018/Blok 8/Pong github/pong/FPGA/3d_pong/3d_pong.srcs/sources_1/new/image.vhd:512]
CRITICAL WARNING: [Synth 8-5559] multi-driven net Q is connected to constant driver, other driver is ignored [D:/Documenten/Avans 2017-2018/Blok 8/Pong github/pong/FPGA/3d_pong/3d_pong.srcs/sources_1/new/image.vhd:512]
CRITICAL WARNING: [Synth 8-5559] multi-driven net Q is connected to constant driver, other driver is ignored [D:/Documenten/Avans 2017-2018/Blok 8/Pong github/pong/FPGA/3d_pong/3d_pong.srcs/sources_1/new/image.vhd:512]
CRITICAL WARNING: [Synth 8-5559] multi-driven net Q is connected to constant driver, other driver is ignored [D:/Documenten/Avans 2017-2018/Blok 8/Pong github/pong/FPGA/3d_pong/3d_pong.srcs/sources_1/new/image.vhd:512]
CRITICAL WARNING: [Synth 8-5559] multi-driven net Q is connected to constant driver, other driver is ignored [D:/Documenten/Avans 2017-2018/Blok 8/Pong github/pong/FPGA/3d_pong/3d_pong.srcs/sources_1/new/image.vhd:512]
CRITICAL WARNING: [Synth 8-5559] multi-driven net Q is connected to constant driver, other driver is ignored [D:/Documenten/Avans 2017-2018/Blok 8/Pong github/pong/FPGA/3d_pong/3d_pong.srcs/sources_1/new/image.vhd:512]
CRITICAL WARNING: [Synth 8-5559] multi-driven net Q is connected to constant driver, other driver is ignored [D:/Documenten/Avans 2017-2018/Blok 8/Pong github/pong/FPGA/3d_pong/3d_pong.srcs/sources_1/new/image.vhd:512]
CRITICAL WARNING: [Synth 8-5559] multi-driven net Q is connected to constant driver, other driver is ignored [D:/Documenten/Avans 2017-2018/Blok 8/Pong github/pong/FPGA/3d_pong/3d_pong.srcs/sources_1/new/image.vhd:512]
CRITICAL WARNING: [Synth 8-5559] multi-driven net Q is connected to constant driver, other driver is ignored [D:/Documenten/Avans 2017-2018/Blok 8/Pong github/pong/FPGA/3d_pong/3d_pong.srcs/sources_1/new/image.vhd:521]
CRITICAL WARNING: [Synth 8-5559] multi-driven net Q is connected to constant driver, other driver is ignored [D:/Documenten/Avans 2017-2018/Blok 8/Pong github/pong/FPGA/3d_pong/3d_pong.srcs/sources_1/new/image.vhd:521]
CRITICAL WARNING: [Synth 8-5559] multi-driven net Q is connected to constant driver, other driver is ignored [D:/Documenten/Avans 2017-2018/Blok 8/Pong github/pong/FPGA/3d_pong/3d_pong.srcs/sources_1/new/image.vhd:521]
CRITICAL WARNING: [Synth 8-5559] multi-driven net Q is connected to constant driver, other driver is ignored [D:/Documenten/Avans 2017-2018/Blok 8/Pong github/pong/FPGA/3d_pong/3d_pong.srcs/sources_1/new/image.vhd:521]
CRITICAL WARNING: [Synth 8-5559] multi-driven net Q is connected to constant driver, other driver is ignored [D:/Documenten/Avans 2017-2018/Blok 8/Pong github/pong/FPGA/3d_pong/3d_pong.srcs/sources_1/new/image.vhd:521]
INFO: [Synth 8-3886] merging instance 'image1/green_reg[2]' (FDE) to 'image1/red_reg[2]'
INFO: [Synth 8-3886] merging instance 'vga1/green_reg[2]' (FD) to 'vga1/red_reg[2]'
---------------------------------------------------------------------------------
Finished Cross Boundary and Area Optimization : Time (s): cpu = 00:00:37 ; elapsed = 00:00:37 . Memory (MB): peak = 797.898 ; gain = 529.477
---------------------------------------------------------------------------------
---------------------------------------------------------------------------------
Start ROM, RAM, DSP and Shift Register Reporting
---------------------------------------------------------------------------------

DSP: Preliminary Mapping  Report (see note below)
+------------+-------------+--------+--------+--------+--------+--------+------+------+------+------+-------+------+------+
|Module Name | DSP Mapping | A Size | B Size | C Size | D Size | P Size | AREG | BREG | CREG | DREG | ADREG | MREG | PREG | 
+------------+-------------+--------+--------+--------+--------+--------+------+------+------+------+-------+------+------+
|image       | A*B         | 11     | 11     | -      | -      | 22     | 0    | 0    | -    | -    | -     | 0    | 0    | 
|image       | PCIN+A*B    | 11     | 11     | -      | -      | 23     | 0    | 0    | -    | -    | -     | 0    | 0    | 
|image       | A*B         | 11     | 11     | -      | -      | 22     | 0    | 0    | -    | -    | -     | 0    | 0    | 
|image       | PCIN+A*B    | 11     | 11     | -      | -      | 23     | 0    | 0    | -    | -    | -     | 0    | 0    | 
+------------+-------------+--------+--------+--------+--------+--------+------+------+------+------+-------+------+------+

Note: The table above is a preliminary report that shows the DSPs inferred at the current stage of the synthesis flow. Some DSP may be reimplemented as non DSP primitives later in the synthesis flow. Multiple instantiated DSPs are reported only once.
---------------------------------------------------------------------------------
Finished ROM, RAM, DSP and Shift Register Reporting
---------------------------------------------------------------------------------

Report RTL Partitions: 
+-+--------------+------------+----------+
| |RTL Partition |Replication |Instances |
+-+--------------+------------+----------+
+-+--------------+------------+----------+
---------------------------------------------------------------------------------
Start Applying XDC Timing Constraints
---------------------------------------------------------------------------------
INFO: [Synth 8-5578] Moved timing constraint from pin 'clk1/clk1/clk_out1' to pin 'clk1/clk1/bbstub_clk_out1/O'
INFO: [Synth 8-5819] Moved 1 constraints on hierarchical pins to their respective driving/loading pins
---------------------------------------------------------------------------------
Finished Applying XDC Timing Constraints : Time (s): cpu = 00:00:52 ; elapsed = 00:00:53 . Memory (MB): peak = 839.078 ; gain = 570.656
---------------------------------------------------------------------------------
---------------------------------------------------------------------------------
Start Timing Optimization
---------------------------------------------------------------------------------
---------------------------------------------------------------------------------
Finished Timing Optimization : Time (s): cpu = 00:00:54 ; elapsed = 00:00:55 . Memory (MB): peak = 872.523 ; gain = 604.102
---------------------------------------------------------------------------------

Report RTL Partitions: 
+-+--------------+------------+----------+
| |RTL Partition |Replication |Instances |
+-+--------------+------------+----------+
+-+--------------+------------+----------+
---------------------------------------------------------------------------------
Start Technology Mapping
---------------------------------------------------------------------------------
---------------------------------------------------------------------------------
Finished Technology Mapping : Time (s): cpu = 00:00:55 ; elapsed = 00:00:56 . Memory (MB): peak = 888.656 ; gain = 620.234
---------------------------------------------------------------------------------

Report RTL Partitions: 
+-+--------------+------------+----------+
| |RTL Partition |Replication |Instances |
+-+--------------+------------+----------+
+-+--------------+------------+----------+
---------------------------------------------------------------------------------
Start IO Insertion
---------------------------------------------------------------------------------
---------------------------------------------------------------------------------
Start Flattening Before IO Insertion
---------------------------------------------------------------------------------
---------------------------------------------------------------------------------
Finished Flattening Before IO Insertion
---------------------------------------------------------------------------------
---------------------------------------------------------------------------------
Start Final Netlist Cleanup
---------------------------------------------------------------------------------
---------------------------------------------------------------------------------
Finished Final Netlist Cleanup
---------------------------------------------------------------------------------
---------------------------------------------------------------------------------
Finished IO Insertion : Time (s): cpu = 00:00:56 ; elapsed = 00:00:57 . Memory (MB): peak = 888.656 ; gain = 620.234
---------------------------------------------------------------------------------

Report Check Netlist: 
+------+------------------+-------+---------+-------+------------------+
|      |Item              |Errors |Warnings |Status |Description       |
+------+------------------+-------+---------+-------+------------------+
|1     |multi_driven_nets |      0|        0|Passed |Multi driven nets |
+------+------------------+-------+---------+-------+------------------+
---------------------------------------------------------------------------------
Start Renaming Generated Instances
---------------------------------------------------------------------------------
---------------------------------------------------------------------------------
Finished Renaming Generated Instances : Time (s): cpu = 00:00:56 ; elapsed = 00:00:57 . Memory (MB): peak = 888.656 ; gain = 620.234
---------------------------------------------------------------------------------

Report RTL Partitions: 
+-+--------------+------------+----------+
| |RTL Partition |Replication |Instances |
+-+--------------+------------+----------+
+-+--------------+------------+----------+
---------------------------------------------------------------------------------
Start Rebuilding User Hierarchy
---------------------------------------------------------------------------------
---------------------------------------------------------------------------------
Finished Rebuilding User Hierarchy : Time (s): cpu = 00:00:56 ; elapsed = 00:00:57 . Memory (MB): peak = 888.656 ; gain = 620.234
---------------------------------------------------------------------------------
---------------------------------------------------------------------------------
Start Renaming Generated Ports
---------------------------------------------------------------------------------
---------------------------------------------------------------------------------
Finished Renaming Generated Ports : Time (s): cpu = 00:00:56 ; elapsed = 00:00:57 . Memory (MB): peak = 888.656 ; gain = 620.234
---------------------------------------------------------------------------------
---------------------------------------------------------------------------------
Start Handling Custom Attributes
---------------------------------------------------------------------------------
---------------------------------------------------------------------------------
Finished Handling Custom Attributes : Time (s): cpu = 00:00:56 ; elapsed = 00:00:57 . Memory (MB): peak = 888.656 ; gain = 620.234
---------------------------------------------------------------------------------
---------------------------------------------------------------------------------
Start Renaming Generated Nets
---------------------------------------------------------------------------------
---------------------------------------------------------------------------------
Finished Renaming Generated Nets : Time (s): cpu = 00:00:56 ; elapsed = 00:00:57 . Memory (MB): peak = 888.656 ; gain = 620.234
---------------------------------------------------------------------------------
---------------------------------------------------------------------------------
Start Writing Synthesis Report
---------------------------------------------------------------------------------

Report BlackBoxes: 
+------+--------------+----------+
|      |BlackBox name |Instances |
+------+--------------+----------+
|1     |clk_wiz_0     |         1|
|2     |blk_mem_gen_0 |         2|
|3     |blk_mem_gen_1 |         1|
+------+--------------+----------+

Report Cell Usage: 
+------+-----------------+------+
|      |Cell             |Count |
+------+-----------------+------+
|1     |blk_mem_gen_0    |     1|
|2     |blk_mem_gen_0__1 |     1|
|3     |blk_mem_gen_1    |     1|
|4     |clk_wiz_0        |     1|
|5     |CARRY4           |   173|
|6     |DSP48E1          |     2|
|7     |DSP48E1_1        |     2|
|8     |LUT1             |   179|
|9     |LUT2             |   351|
|10    |LUT3             |    83|
|11    |LUT4             |   122|
|12    |LUT5             |   163|
|13    |LUT6             |   263|
|14    |MUXF7            |    11|
|15    |MUXF8            |     1|
|16    |FDRE             |   474|
|17    |FDSE             |    14|
|18    |IBUF             |     7|
|19    |OBUF             |    15|
+------+-----------------+------+

Report Instance Areas: 
+------+--------------+-----------+------+
|      |Instance      |Module     |Cells |
+------+--------------+-----------+------+
|1     |top           |           |  1889|
|2     |  buttons1    |buttons    |   763|
|3     |  clk1        |clk        |     1|
|4     |  image1      |image      |   658|
|5     |  memory1     |memory     |    20|
|6     |  rom_Geluid1 |rom_Geluid |    18|
|7     |  vga1        |VGA        |   390|
+------+--------------+-----------+------+
---------------------------------------------------------------------------------
Finished Writing Synthesis Report : Time (s): cpu = 00:00:56 ; elapsed = 00:00:57 . Memory (MB): peak = 888.656 ; gain = 620.234
---------------------------------------------------------------------------------
Synthesis finished with 0 errors, 222 critical warnings and 513 warnings.
Synthesis Optimization Runtime : Time (s): cpu = 00:00:37 ; elapsed = 00:00:49 . Memory (MB): peak = 888.656 ; gain = 271.996
Synthesis Optimization Complete : Time (s): cpu = 00:00:57 ; elapsed = 00:00:58 . Memory (MB): peak = 888.656 ; gain = 620.234
INFO: [Project 1-571] Translating synthesized netlist
INFO: [Netlist 29-17] Analyzing 196 Unisim elements for replacement
INFO: [Netlist 29-28] Unisim Transformation completed in 0 CPU seconds
INFO: [Project 1-570] Preparing netlist for logic optimization
INFO: [Opt 31-138] Pushed 0 inverter(s) to 0 load pin(s).
INFO: [Project 1-111] Unisim Transformation Summary:
No Unisim elements were transformed.

INFO: [Common 17-83] Releasing license: Synthesis
93 Infos, 175 Warnings, 174 Critical Warnings and 0 Errors encountered.
synth_design completed successfully
synth_design: Time (s): cpu = 00:00:59 ; elapsed = 00:01:02 . Memory (MB): peak = 888.656 ; gain = 631.703
INFO: [Common 17-1381] The checkpoint 'D:/Documenten/Avans 2017-2018/Blok 8/Pong github/pong/FPGA/3d_pong/3d_pong.runs/synth_1/top.dcp' has been generated.
INFO: [runtcl-4] Executing : report_utilization -file top_utilization_synth.rpt -pb top_utilization_synth.pb
report_utilization: Time (s): cpu = 00:00:00 ; elapsed = 00:00:00.038 . Memory (MB): peak = 888.656 ; gain = 0.000
INFO: [Common 17-206] Exiting Vivado at Tue Jun  5 13:08:53 2018...
