#-----------------------------------------------------------
# Vivado v2017.4 (64-bit)
# SW Build 2086221 on Fri Dec 15 20:55:39 MST 2017
# IP Build 2085800 on Fri Dec 15 22:25:07 MST 2017
# Start of session at: Tue May 29 13:00:02 2018
# Process ID: 15156
# Current directory: D:/Documenten/Avans 2017-2018/Blok 8/Pong/Geluid code/Week 5/week_5
# Command line: vivado.exe -gui_launcher_event rodinguilauncherevent2788 D:\Documenten\Avans 2017-2018\Blok 8\Pong\Geluid code\Week 5\week_5\week_5.xpr
# Log file: D:/Documenten/Avans 2017-2018/Blok 8/Pong/Geluid code/Week 5/week_5/vivado.log
# Journal file: D:/Documenten/Avans 2017-2018/Blok 8/Pong/Geluid code/Week 5/week_5\vivado.jou
#-----------------------------------------------------------
start_gui
open_project {D:/Documenten/Avans 2017-2018/Blok 8/Pong/Geluid code/Week 5/week_5/week_5.xpr}
Scanning sources...
Finished scanning sources
INFO: [IP_Flow 19-234] Refreshing IP repositories
INFO: [IP_Flow 19-1704] No user IP repositories specified
INFO: [IP_Flow 19-2313] Loaded Vivado IP repository 'D:/Xilinx/Vivado/2017.4/data/ip'.
open_project: Time (s): cpu = 00:00:13 ; elapsed = 00:00:07 . Memory (MB): peak = 791.242 ; gain = 88.180
update_compile_order -fileset sources_1
open_hw
connect_hw_server
INFO: [Labtools 27-2285] Connecting to hw_server url TCP:localhost:3121
INFO: [Labtools 27-2222] Launching hw_server...
INFO: [Labtools 27-2221] Launch Output:

****** Xilinx hw_server v2017.4
  **** Build date : Dec 15 2017-21:08:27
    ** Copyright 1986-2017 Xilinx, Inc. All Rights Reserved.


open_hw_target
INFO: [Labtoolstcl 44-466] Opening hw_target localhost:3121/xilinx_tcf/Digilent/210183A38940A
set_property PROGRAM.FILE {D:/Documenten/Avans 2017-2018/Blok 8/Pong/Geluid code/Week 5/week_5/week_5.runs/impl_1/top.bit} [get_hw_devices xc7a35t_0]
current_hw_device [get_hw_devices xc7a35t_0]
refresh_hw_device -update_hw_probes false [lindex [get_hw_devices xc7a35t_0] 0]
INFO: [Labtools 27-1434] Device xc7a35t (JTAG device index = 0) is programmed with a design that has no supported debug core(s) in it.
WARNING: [Labtools 27-3361] The debug hub core was not detected.
Resolution: 
1. Make sure the clock connected to the debug hub (dbg_hub) core is a free running clock and is active.
2. Make sure the BSCAN_SWITCH_USER_MASK device property in Vivado Hardware Manager reflects the user scan chain setting in the design and refresh the device.  To determine the user scan chain setting in the design, open the implemented design and use 'get_property C_USER_SCAN_CHAIN [get_debug_cores dbg_hub]'.
For more details on setting the scan chain property, consult the Vivado Debug and Programming User Guide (UG908).
set_property PROBES.FILE {} [get_hw_devices xc7a35t_0]
set_property FULL_PROBES.FILE {} [get_hw_devices xc7a35t_0]
set_property PROGRAM.FILE {D:/Documenten/Avans 2017-2018/Blok 8/Pong/Geluid code/Week 5/week_5/week_5.runs/impl_1/top.bit} [get_hw_devices xc7a35t_0]
program_hw_devices [get_hw_devices xc7a35t_0]
INFO: [Labtools 27-3164] End of startup status: HIGH
refresh_hw_device [lindex [get_hw_devices xc7a35t_0] 0]
INFO: [Labtools 27-1434] Device xc7a35t (JTAG device index = 0) is programmed with a design that has no supported debug core(s) in it.
WARNING: [Labtools 27-3361] The debug hub core was not detected.
Resolution: 
1. Make sure the clock connected to the debug hub (dbg_hub) core is a free running clock and is active.
2. Make sure the BSCAN_SWITCH_USER_MASK device property in Vivado Hardware Manager reflects the user scan chain setting in the design and refresh the device.  To determine the user scan chain setting in the design, open the implemented design and use 'get_property C_USER_SCAN_CHAIN [get_debug_cores dbg_hub]'.
For more details on setting the scan chain property, consult the Vivado Debug and Programming User Guide (UG908).
synth_design -rtl -name rtl_1
Command: synth_design -rtl -name rtl_1
Starting synth_design
Using part: xc7a35tcpg236-1
Top: top
---------------------------------------------------------------------------------
Starting RTL Elaboration : Time (s): cpu = 00:00:08 ; elapsed = 00:00:06 . Memory (MB): peak = 1527.254 ; gain = 116.871
---------------------------------------------------------------------------------
INFO: [Synth 8-638] synthesizing module 'top' [D:/Documenten/Avans 2017-2018/Blok 8/Pong/Geluid code/Week 5/week_5/week_5.srcs/sources_1/new/top.vhd:10]
INFO: [Synth 8-3491] module 'clk' declared at 'D:/Documenten/Avans 2017-2018/Blok 8/Pong/Geluid code/Week 5/week_5/week_5.srcs/sources_1/new/clk.vhd:5' bound to instance 'clk1' of component 'clk' [D:/Documenten/Avans 2017-2018/Blok 8/Pong/Geluid code/Week 5/week_5/week_5.srcs/sources_1/new/top.vhd:36]
INFO: [Synth 8-638] synthesizing module 'clk' [D:/Documenten/Avans 2017-2018/Blok 8/Pong/Geluid code/Week 5/week_5/week_5.srcs/sources_1/new/clk.vhd:10]
INFO: [Synth 8-3491] module 'clk_wiz_0' declared at 'D:/Documenten/Avans 2017-2018/Blok 8/Pong/Geluid code/Week 5/week_5/.Xil/Vivado-15156-LAPTOP-NJE0O93L/realtime/clk_wiz_0_stub.v:5' bound to instance 'clk1' of component 'clk_wiz_0' [D:/Documenten/Avans 2017-2018/Blok 8/Pong/Geluid code/Week 5/week_5/week_5.srcs/sources_1/new/clk.vhd:19]
INFO: [Synth 8-638] synthesizing module 'clk_wiz_0' [D:/Documenten/Avans 2017-2018/Blok 8/Pong/Geluid code/Week 5/week_5/.Xil/Vivado-15156-LAPTOP-NJE0O93L/realtime/clk_wiz_0_stub.v:5]
INFO: [Synth 8-256] done synthesizing module 'clk_wiz_0' (1#1) [D:/Documenten/Avans 2017-2018/Blok 8/Pong/Geluid code/Week 5/week_5/.Xil/Vivado-15156-LAPTOP-NJE0O93L/realtime/clk_wiz_0_stub.v:5]
INFO: [Synth 8-256] done synthesizing module 'clk' (2#1) [D:/Documenten/Avans 2017-2018/Blok 8/Pong/Geluid code/Week 5/week_5/week_5.srcs/sources_1/new/clk.vhd:10]
INFO: [Synth 8-3491] module 'rom' declared at 'D:/Documenten/Avans 2017-2018/Blok 8/Pong/Geluid code/Week 5/week_5/week_5.srcs/sources_1/new/rom.vhd:5' bound to instance 'rom1' of component 'rom' [D:/Documenten/Avans 2017-2018/Blok 8/Pong/Geluid code/Week 5/week_5/week_5.srcs/sources_1/new/top.vhd:40]
INFO: [Synth 8-638] synthesizing module 'rom' [D:/Documenten/Avans 2017-2018/Blok 8/Pong/Geluid code/Week 5/week_5/week_5.srcs/sources_1/new/rom.vhd:11]
INFO: [Synth 8-3491] module 'blk_mem_gen_0' declared at 'D:/Documenten/Avans 2017-2018/Blok 8/Pong/Geluid code/Week 5/week_5/.Xil/Vivado-15156-LAPTOP-NJE0O93L/realtime/blk_mem_gen_0_stub.v:6' bound to instance 'rom' of component 'blk_mem_gen_0' [D:/Documenten/Avans 2017-2018/Blok 8/Pong/Geluid code/Week 5/week_5/week_5.srcs/sources_1/new/rom.vhd:21]
INFO: [Synth 8-638] synthesizing module 'blk_mem_gen_0' [D:/Documenten/Avans 2017-2018/Blok 8/Pong/Geluid code/Week 5/week_5/.Xil/Vivado-15156-LAPTOP-NJE0O93L/realtime/blk_mem_gen_0_stub.v:6]
INFO: [Synth 8-256] done synthesizing module 'blk_mem_gen_0' (3#1) [D:/Documenten/Avans 2017-2018/Blok 8/Pong/Geluid code/Week 5/week_5/.Xil/Vivado-15156-LAPTOP-NJE0O93L/realtime/blk_mem_gen_0_stub.v:6]
INFO: [Synth 8-256] done synthesizing module 'rom' (4#1) [D:/Documenten/Avans 2017-2018/Blok 8/Pong/Geluid code/Week 5/week_5/week_5.srcs/sources_1/new/rom.vhd:11]
INFO: [Synth 8-3491] module 'demodulatie' declared at 'D:/Documenten/Avans 2017-2018/Blok 8/Pong/Geluid code/Week 5/week_5/week_5.srcs/sources_1/new/demodulatie.vhd:6' bound to instance 'demodulatie1' of component 'demodulatie' [D:/Documenten/Avans 2017-2018/Blok 8/Pong/Geluid code/Week 5/week_5/week_5.srcs/sources_1/new/top.vhd:45]
INFO: [Synth 8-638] synthesizing module 'demodulatie' [D:/Documenten/Avans 2017-2018/Blok 8/Pong/Geluid code/Week 5/week_5/week_5.srcs/sources_1/new/demodulatie.vhd:13]
INFO: [Synth 8-256] done synthesizing module 'demodulatie' (5#1) [D:/Documenten/Avans 2017-2018/Blok 8/Pong/Geluid code/Week 5/week_5/week_5.srcs/sources_1/new/demodulatie.vhd:13]
INFO: [Synth 8-256] done synthesizing module 'top' (6#1) [D:/Documenten/Avans 2017-2018/Blok 8/Pong/Geluid code/Week 5/week_5/week_5.srcs/sources_1/new/top.vhd:10]
---------------------------------------------------------------------------------
Finished RTL Elaboration : Time (s): cpu = 00:00:09 ; elapsed = 00:00:07 . Memory (MB): peak = 1563.941 ; gain = 153.559
---------------------------------------------------------------------------------

Report Check Netlist: 
+------+------------------+-------+---------+-------+------------------+
|      |Item              |Errors |Warnings |Status |Description       |
+------+------------------+-------+---------+-------+------------------+
|1     |multi_driven_nets |      0|        0|Passed |Multi driven nets |
+------+------------------+-------+---------+-------+------------------+
---------------------------------------------------------------------------------
Finished RTL Optimization Phase 1 : Time (s): cpu = 00:00:09 ; elapsed = 00:00:07 . Memory (MB): peak = 1563.941 ; gain = 153.559
---------------------------------------------------------------------------------
INFO: [Project 1-454] Reading design checkpoint 'd:/Documenten/Avans 2017-2018/Blok 8/Pong/Geluid code/Week 5/week_5/week_5.srcs/sources_1/ip/clk_wiz_0/clk_wiz_0.dcp' for cell 'clk1/clk1'
INFO: [Project 1-454] Reading design checkpoint 'd:/Documenten/Avans 2017-2018/Blok 8/Pong/Geluid code/Week 5/week_5/week_5.srcs/sources_1/ip/blk_mem_gen_0/blk_mem_gen_0.dcp' for cell 'rom1/rom'
INFO: [Netlist 29-17] Analyzing 3 Unisim elements for replacement
INFO: [Netlist 29-28] Unisim Transformation completed in 0 CPU seconds
INFO: [Project 1-479] Netlist was created with Vivado 2017.4
INFO: [Device 21-403] Loading part xc7a35tcpg236-1
INFO: [Project 1-570] Preparing netlist for logic optimization

Processing XDC Constraints
Initializing timing engine
Parsing XDC File [d:/Documenten/Avans 2017-2018/Blok 8/Pong/Geluid code/Week 5/week_5/week_5.srcs/sources_1/ip/clk_wiz_0/clk_wiz_0_board.xdc] for cell 'clk1/clk1/inst'
Finished Parsing XDC File [d:/Documenten/Avans 2017-2018/Blok 8/Pong/Geluid code/Week 5/week_5/week_5.srcs/sources_1/ip/clk_wiz_0/clk_wiz_0_board.xdc] for cell 'clk1/clk1/inst'
Parsing XDC File [d:/Documenten/Avans 2017-2018/Blok 8/Pong/Geluid code/Week 5/week_5/week_5.srcs/sources_1/ip/clk_wiz_0/clk_wiz_0.xdc] for cell 'clk1/clk1/inst'
Finished Parsing XDC File [d:/Documenten/Avans 2017-2018/Blok 8/Pong/Geluid code/Week 5/week_5/week_5.srcs/sources_1/ip/clk_wiz_0/clk_wiz_0.xdc] for cell 'clk1/clk1/inst'
INFO: [Project 1-236] Implementation specific constraints were found while reading constraint file [d:/Documenten/Avans 2017-2018/Blok 8/Pong/Geluid code/Week 5/week_5/week_5.srcs/sources_1/ip/clk_wiz_0/clk_wiz_0.xdc]. These constraints will be ignored for synthesis but will be used in implementation. Impacted constraints are listed in the file [.Xil/top_propImpl.xdc].
Resolution: To avoid this warning, move constraints listed in [.Xil/top_propImpl.xdc] to another XDC file and exclude this new file from synthesis with the used_in_synthesis property (File Properties dialog in GUI) and re-run elaboration/synthesis.
INFO: [Timing 38-2] Deriving generated clocks
Parsing XDC File [D:/Documenten/Avans 2017-2018/Blok 8/Pong/Geluid code/Week 5/week_5/week_5.srcs/constrs_1/new/top.xdc]
Finished Parsing XDC File [D:/Documenten/Avans 2017-2018/Blok 8/Pong/Geluid code/Week 5/week_5/week_5.srcs/constrs_1/new/top.xdc]
Completed Processing XDC Constraints

INFO: [Opt 31-138] Pushed 0 inverter(s) to 0 load pin(s).
INFO: [Project 1-111] Unisim Transformation Summary:
No Unisim elements were transformed.

RTL Elaboration Complete:  : Time (s): cpu = 00:00:27 ; elapsed = 00:00:23 . Memory (MB): peak = 1899.238 ; gain = 488.855
28 Infos, 0 Warnings, 0 Critical Warnings and 0 Errors encountered.
synth_design completed successfully
synth_design: Time (s): cpu = 00:00:27 ; elapsed = 00:00:23 . Memory (MB): peak = 1899.238 ; gain = 490.898
ERROR: [Labtoolstcl 44-513] HW Target shutdown. Closing target: localhost:3121/xilinx_tcf/Digilent/210183A38940A
INFO: [Labtoolstcl 44-466] Opening hw_target localhost:3121/xilinx_tcf/Digilent/210183A38940A
INFO: [Labtools 27-1434] Device xc7a35t (JTAG device index = 0) is programmed with a design that has no supported debug core(s) in it.
WARNING: [Labtools 27-3361] The debug hub core was not detected.
Resolution: 
1. Make sure the clock connected to the debug hub (dbg_hub) core is a free running clock and is active.
2. Make sure the BSCAN_SWITCH_USER_MASK device property in Vivado Hardware Manager reflects the user scan chain setting in the design and refresh the device.  To determine the user scan chain setting in the design, open the implemented design and use 'get_property C_USER_SCAN_CHAIN [get_debug_cores dbg_hub]'.
For more details on setting the scan chain property, consult the Vivado Debug and Programming User Guide (UG908).
WARNING: [Labtoolstcl 44-129] No matching hw_ila_data was found.
exit
INFO: [Common 17-206] Exiting Vivado at Tue May 29 13:34:45 2018...
